<?xml version="1.0" encoding="UTF-8" ?>
<testsuite tests="5" failures="3" name="org.db.UserDBManagerTest" time="1.301" errors="1" skipped="0">
  <properties>
[...]
</properties>
  <testcase classname="org.db.UserDBManagerTest" name="test3_isEmailOnDB_true" time="0.666">
    <failure type="java.lang.AssertionError">java.lang.AssertionError
	at org.junit.Assert.fail(Assert.java:86)
	at org.junit.Assert.assertTrue(Assert.java:41)
	at org.junit.Assert.assertTrue(Assert.java:52)
	at org.db.UserDBManagerTest.test3_isEmailOnDB_true(UserDBManagerTest.java:49)
	at sun.reflect.NativeMethodAccessorImpl.invoke0(Native Method)
	at sun.reflect.NativeMethodAccessorImpl.invoke(NativeMethodAccessorImpl.java:62)
	at sun.reflect.DelegatingMethodAccessorImpl.invoke(DelegatingMethodAccessorImpl.java:43)
	at java.lang.reflect.Method.invoke(Method.java:498)
	at org.junit.runners.model.FrameworkMethod$1.runReflectiveCall(FrameworkMethod.java:50)
	at org.junit.internal.runners.model.ReflectiveCallable.run(ReflectiveCallable.java:12)
	at org.junit.runners.model.FrameworkMethod.invokeExplosively(FrameworkMethod.java:47)
	at org.junit.internal.runners.statements.InvokeMethod.evaluate(InvokeMethod.java:17)
	at org.junit.internal.runners.statements.RunBefores.evaluate(RunBefores.java:26)
	at org.junit.internal.runners.statements.RunAfters.evaluate(RunAfters.java:27)
	at org.junit.runners.ParentRunner.runLeaf(ParentRunner.java:325)
	at org.junit.runners.BlockJUnit4ClassRunner.runChild(BlockJUnit4ClassRunner.java:78)
	at org.junit.runners.BlockJUnit4ClassRunner.runChild(BlockJUnit4ClassRunner.java:57)
	at org.junit.runners.ParentRunner$3.run(ParentRunner.java:290)
	at org.junit.runners.ParentRunner$1.schedule(ParentRunner.java:71)
	at org.junit.runners.ParentRunner.runChildren(ParentRunner.java:288)
	at org.junit.runners.ParentRunner.access$000(ParentRunner.java:58)
	at org.junit.runners.ParentRunner$2.evaluate(ParentRunner.java:268)
	at org.junit.runners.ParentRunner.run(ParentRunner.java:363)
	at org.apache.maven.surefire.junit4.JUnit4Provider.execute(JUnit4Provider.java:252)
	at org.apache.maven.surefire.junit4.JUnit4Provider.executeTestSet(JUnit4Provider.java:141)
	at org.apache.maven.surefire.junit4.JUnit4Provider.invoke(JUnit4Provider.java:112)
	at sun.reflect.NativeMethodAccessorImpl.invoke0(Native Method)
	at sun.reflect.NativeMethodAccessorImpl.invoke(NativeMethodAccessorImpl.java:62)
	at sun.reflect.DelegatingMethodAccessorImpl.invoke(DelegatingMethodAccessorImpl.java:43)
	at java.lang.reflect.Method.invoke(Method.java:498)
	at org.apache.maven.surefire.util.ReflectionUtils.invokeMethodWithArray(ReflectionUtils.java:189)
	at org.apache.maven.surefire.booter.ProviderFactory$ProviderProxy.invoke(ProviderFactory.java:165)
	at org.apache.maven.surefire.booter.ProviderFactory.invokeProvider(ProviderFactory.java:85)
	at org.apache.maven.surefire.booter.ForkedBooter.runSuitesInProcess(ForkedBooter.java:115)
	at org.apache.maven.surefire.booter.ForkedBooter.main(ForkedBooter.java:75)
</failure>
    <system-out>2018-02-20 16:37:16 DEBUG logging:110 - Logging Provider: org.jboss.logging.Log4jLoggerProvider
2018-02-20 16:37:16 DEBUG IntegratorServiceImpl:46 - Adding Integrator [org.hibernate.cfg.beanvalidation.BeanValidationIntegrator].
2018-02-20 16:37:16 DEBUG IntegratorServiceImpl:46 - Adding Integrator [org.hibernate.secure.spi.JaccIntegrator].
2018-02-20 16:37:16 DEBUG IntegratorServiceImpl:46 - Adding Integrator [org.hibernate.cache.internal.CollectionCacheInvalidator].
2018-02-20 16:37:16 INFO  Version:45 - HHH000412: Hibernate Core {5.2.13.Final}
2018-02-20 16:37:16 INFO  Environment:198 - HHH000205: Loaded properties from resource hibernate.properties: {hibernate.c3p0.timeout=1800, hibernate.connection.driver_class=com.mysql.jdbc.Driver, hibernate.c3p0.max_statements=50, hibernate.dialect=org.hibernate.dialect.MySQL5Dialect, hibernate.c3p0.max_size=20, hibernate.c3p0.min_size=5, hibernate.connection.username=test3, hibernate.connection.url=jdbc:mysql://localhost:3306/testDB, hibernate.bytecode.use_reflection_optimizer=false, hibernate.connection.password=****}
2018-02-20 16:37:16 DEBUG LocalXmlResourceResolver:57 - Interpreting public/system identifier : [-//Hibernate/Hibernate Configuration DTD//EN] - [http://www.hibernate.org/dtd/hibernate-configuration-3.0.dtd]
2018-02-20 16:37:16 DEBUG LocalXmlResourceResolver:85 - Recognized hibernate-configuration identifier; attempting to resolve on classpath under org/hibernate/
2018-02-20 16:37:16 DEBUG JaxbCfgProcessor:116 - cfg.xml document did not define namespaces; wrapping in custom event reader to introduce namespace information
2018-02-20 16:37:16 DEBUG ServiceBinding:68 - Overriding existing service binding [org.hibernate.secure.spi.JaccService]
2018-02-20 16:37:16 DEBUG RegionFactoryInitiator:75 - Cache region factory : org.hibernate.cache.internal.NoCachingRegionFactory
2018-02-20 16:37:16 INFO  Version:66 - HCANN000001: Hibernate Commons Annotations {5.0.1.Final}
2018-02-20 16:37:16 DEBUG BasicTypeRegistry:145 - Adding type registration boolean -&gt; org.hibernate.type.BooleanType@229d10bd
2018-02-20 16:37:16 DEBUG BasicTypeRegistry:145 - Adding type registration boolean -&gt; org.hibernate.type.BooleanType@229d10bd
2018-02-20 16:37:16 DEBUG BasicTypeRegistry:145 - Adding type registration java.lang.Boolean -&gt; org.hibernate.type.BooleanType@229d10bd
2018-02-20 16:37:16 DEBUG BasicTypeRegistry:145 - Adding type registration numeric_boolean -&gt; org.hibernate.type.NumericBooleanType@25d250c6
2018-02-20 16:37:16 DEBUG BasicTypeRegistry:145 - Adding type registration true_false -&gt; org.hibernate.type.TrueFalseType@3c9d0b9d
2018-02-20 16:37:16 DEBUG BasicTypeRegistry:145 - Adding type registration yes_no -&gt; org.hibernate.type.YesNoType@1a04f701
2018-02-20 16:37:16 DEBUG BasicTypeRegistry:145 - Adding type registration byte -&gt; org.hibernate.type.ByteType@12b0404f
2018-02-20 16:37:16 DEBUG BasicTypeRegistry:145 - Adding type registration byte -&gt; org.hibernate.type.ByteType@12b0404f
2018-02-20 16:37:16 DEBUG BasicTypeRegistry:145 - Adding type registration java.lang.Byte -&gt; org.hibernate.type.ByteType@12b0404f
2018-02-20 16:37:16 DEBUG BasicTypeRegistry:145 - Adding type registration character -&gt; org.hibernate.type.CharacterType@647fd8ce
2018-02-20 16:37:16 DEBUG BasicTypeRegistry:145 - Adding type registration char -&gt; org.hibernate.type.CharacterType@647fd8ce
2018-02-20 16:37:16 DEBUG BasicTypeRegistry:145 - Adding type registration java.lang.Character -&gt; org.hibernate.type.CharacterType@647fd8ce
2018-02-20 16:37:16 DEBUG BasicTypeRegistry:145 - Adding type registration short -&gt; org.hibernate.type.ShortType@12e61fe6
2018-02-20 16:37:16 DEBUG BasicTypeRegistry:145 - Adding type registration short -&gt; org.hibernate.type.ShortType@12e61fe6
2018-02-20 16:37:16 DEBUG BasicTypeRegistry:145 - Adding type registration java.lang.Short -&gt; org.hibernate.type.ShortType@12e61fe6
2018-02-20 16:37:16 DEBUG BasicTypeRegistry:145 - Adding type registration integer -&gt; org.hibernate.type.IntegerType@5e316c74
2018-02-20 16:37:16 DEBUG BasicTypeRegistry:145 - Adding type registration int -&gt; org.hibernate.type.IntegerType@5e316c74
2018-02-20 16:37:16 DEBUG BasicTypeRegistry:145 - Adding type registration java.lang.Integer -&gt; org.hibernate.type.IntegerType@5e316c74
2018-02-20 16:37:16 DEBUG BasicTypeRegistry:145 - Adding type registration long -&gt; org.hibernate.type.LongType@2b6faea6
2018-02-20 16:37:16 DEBUG BasicTypeRegistry:145 - Adding type registration long -&gt; org.hibernate.type.LongType@2b6faea6
2018-02-20 16:37:16 DEBUG BasicTypeRegistry:145 - Adding type registration java.lang.Long -&gt; org.hibernate.type.LongType@2b6faea6
2018-02-20 16:37:16 DEBUG BasicTypeRegistry:145 - Adding type registration float -&gt; org.hibernate.type.FloatType@1ed1993a
2018-02-20 16:37:16 DEBUG BasicTypeRegistry:145 - Adding type registration float -&gt; org.hibernate.type.FloatType@1ed1993a
2018-02-20 16:37:16 DEBUG BasicTypeRegistry:145 - Adding type registration java.lang.Float -&gt; org.hibernate.type.FloatType@1ed1993a
2018-02-20 16:37:16 DEBUG BasicTypeRegistry:145 - Adding type registration double -&gt; org.hibernate.type.DoubleType@3967e60c
2018-02-20 16:37:16 DEBUG BasicTypeRegistry:145 - Adding type registration double -&gt; org.hibernate.type.DoubleType@3967e60c
2018-02-20 16:37:16 DEBUG BasicTypeRegistry:145 - Adding type registration java.lang.Double -&gt; org.hibernate.type.DoubleType@3967e60c
2018-02-20 16:37:16 DEBUG BasicTypeRegistry:145 - Adding type registration big_decimal -&gt; org.hibernate.type.BigDecimalType@65466a6a
2018-02-20 16:37:16 DEBUG BasicTypeRegistry:145 - Adding type registration java.math.BigDecimal -&gt; org.hibernate.type.BigDecimalType@65466a6a
2018-02-20 16:37:16 DEBUG BasicTypeRegistry:145 - Adding type registration big_integer -&gt; org.hibernate.type.BigIntegerType@4386f16
2018-02-20 16:37:16 DEBUG BasicTypeRegistry:145 - Adding type registration java.math.BigInteger -&gt; org.hibernate.type.BigIntegerType@4386f16
2018-02-20 16:37:16 DEBUG BasicTypeRegistry:145 - Adding type registration string -&gt; org.hibernate.type.StringType@7f552bd3
2018-02-20 16:37:16 DEBUG BasicTypeRegistry:145 - Adding type registration java.lang.String -&gt; org.hibernate.type.StringType@7f552bd3
2018-02-20 16:37:16 DEBUG BasicTypeRegistry:145 - Adding type registration nstring -&gt; org.hibernate.type.StringNVarcharType@3aefe5e5
2018-02-20 16:37:16 DEBUG BasicTypeRegistry:145 - Adding type registration ncharacter -&gt; org.hibernate.type.CharacterNCharType@ef9296d
2018-02-20 16:37:16 DEBUG BasicTypeRegistry:145 - Adding type registration url -&gt; org.hibernate.type.UrlType@6ef888f6
2018-02-20 16:37:16 DEBUG BasicTypeRegistry:145 - Adding type registration java.net.URL -&gt; org.hibernate.type.UrlType@6ef888f6
2018-02-20 16:37:16 DEBUG BasicTypeRegistry:145 - Adding type registration Duration -&gt; org.hibernate.type.DurationType@bef2d72
2018-02-20 16:37:16 DEBUG BasicTypeRegistry:145 - Adding type registration java.time.Duration -&gt; org.hibernate.type.DurationType@bef2d72
2018-02-20 16:37:16 DEBUG BasicTypeRegistry:145 - Adding type registration Instant -&gt; org.hibernate.type.InstantType@1622f1b
2018-02-20 16:37:16 DEBUG BasicTypeRegistry:145 - Adding type registration java.time.Instant -&gt; org.hibernate.type.InstantType@1622f1b
2018-02-20 16:37:16 DEBUG BasicTypeRegistry:145 - Adding type registration LocalDateTime -&gt; org.hibernate.type.LocalDateTimeType@5bd03f44
2018-02-20 16:37:16 DEBUG BasicTypeRegistry:145 - Adding type registration java.time.LocalDateTime -&gt; org.hibernate.type.LocalDateTimeType@5bd03f44
2018-02-20 16:37:16 DEBUG BasicTypeRegistry:145 - Adding type registration LocalDate -&gt; org.hibernate.type.LocalDateType@19bb07ed
2018-02-20 16:37:16 DEBUG BasicTypeRegistry:145 - Adding type registration java.time.LocalDate -&gt; org.hibernate.type.LocalDateType@19bb07ed
2018-02-20 16:37:16 DEBUG BasicTypeRegistry:145 - Adding type registration LocalTime -&gt; org.hibernate.type.LocalTimeType@13e39c73
2018-02-20 16:37:16 DEBUG BasicTypeRegistry:145 - Adding type registration java.time.LocalTime -&gt; org.hibernate.type.LocalTimeType@13e39c73
2018-02-20 16:37:16 DEBUG BasicTypeRegistry:145 - Adding type registration OffsetDateTime -&gt; org.hibernate.type.OffsetDateTimeType@6580cfdd
2018-02-20 16:37:16 DEBUG BasicTypeRegistry:145 - Adding type registration java.time.OffsetDateTime -&gt; org.hibernate.type.OffsetDateTimeType@6580cfdd
2018-02-20 16:37:16 DEBUG BasicTypeRegistry:145 - Adding type registration OffsetTime -&gt; org.hibernate.type.OffsetTimeType@48ae9b55
2018-02-20 16:37:16 DEBUG BasicTypeRegistry:145 - Adding type registration java.time.OffsetTime -&gt; org.hibernate.type.OffsetTimeType@48ae9b55
2018-02-20 16:37:16 DEBUG BasicTypeRegistry:145 - Adding type registration ZonedDateTime -&gt; org.hibernate.type.ZonedDateTimeType@31368b99
2018-02-20 16:37:16 DEBUG BasicTypeRegistry:145 - Adding type registration java.time.ZonedDateTime -&gt; org.hibernate.type.ZonedDateTimeType@31368b99
2018-02-20 16:37:16 DEBUG BasicTypeRegistry:145 - Adding type registration date -&gt; org.hibernate.type.DateType@15c43bd9
2018-02-20 16:37:16 DEBUG BasicTypeRegistry:145 - Adding type registration java.sql.Date -&gt; org.hibernate.type.DateType@15c43bd9
2018-02-20 16:37:16 DEBUG BasicTypeRegistry:145 - Adding type registration time -&gt; org.hibernate.type.TimeType@39529185
2018-02-20 16:37:16 DEBUG BasicTypeRegistry:145 - Adding type registration java.sql.Time -&gt; org.hibernate.type.TimeType@39529185
2018-02-20 16:37:16 DEBUG BasicTypeRegistry:145 - Adding type registration timestamp -&gt; org.hibernate.type.TimestampType@27ce24aa
2018-02-20 16:37:16 DEBUG BasicTypeRegistry:145 - Adding type registration java.sql.Timestamp -&gt; org.hibernate.type.TimestampType@27ce24aa
2018-02-20 16:37:16 DEBUG BasicTypeRegistry:145 - Adding type registration java.util.Date -&gt; org.hibernate.type.TimestampType@27ce24aa
2018-02-20 16:37:16 DEBUG BasicTypeRegistry:145 - Adding type registration dbtimestamp -&gt; org.hibernate.type.DbTimestampType@7ed7259e
2018-02-20 16:37:16 DEBUG BasicTypeRegistry:145 - Adding type registration calendar -&gt; org.hibernate.type.CalendarType@3c407114
2018-02-20 16:37:16 DEBUG BasicTypeRegistry:145 - Adding type registration java.util.Calendar -&gt; org.hibernate.type.CalendarType@3c407114
2018-02-20 16:37:16 DEBUG BasicTypeRegistry:145 - Adding type registration java.util.GregorianCalendar -&gt; org.hibernate.type.CalendarType@3c407114
2018-02-20 16:37:16 DEBUG BasicTypeRegistry:145 - Adding type registration calendar_date -&gt; org.hibernate.type.CalendarDateType@130161f7
2018-02-20 16:37:16 DEBUG BasicTypeRegistry:145 - Adding type registration locale -&gt; org.hibernate.type.LocaleType@7722c3c3
2018-02-20 16:37:16 DEBUG BasicTypeRegistry:145 - Adding type registration java.util.Locale -&gt; org.hibernate.type.LocaleType@7722c3c3
2018-02-20 16:37:16 DEBUG BasicTypeRegistry:145 - Adding type registration currency -&gt; org.hibernate.type.CurrencyType@50eac852
2018-02-20 16:37:16 DEBUG BasicTypeRegistry:145 - Adding type registration java.util.Currency -&gt; org.hibernate.type.CurrencyType@50eac852
2018-02-20 16:37:16 DEBUG BasicTypeRegistry:145 - Adding type registration timezone -&gt; org.hibernate.type.TimeZoneType@6a192cfe
2018-02-20 16:37:16 DEBUG BasicTypeRegistry:145 - Adding type registration java.util.TimeZone -&gt; org.hibernate.type.TimeZoneType@6a192cfe
2018-02-20 16:37:16 DEBUG BasicTypeRegistry:145 - Adding type registration class -&gt; org.hibernate.type.ClassType@1dde4cb2
2018-02-20 16:37:16 DEBUG BasicTypeRegistry:145 - Adding type registration java.lang.Class -&gt; org.hibernate.type.ClassType@1dde4cb2
2018-02-20 16:37:16 DEBUG BasicTypeRegistry:145 - Adding type registration uuid-binary -&gt; org.hibernate.type.UUIDBinaryType@72057ecf
2018-02-20 16:37:16 DEBUG BasicTypeRegistry:145 - Adding type registration java.util.UUID -&gt; org.hibernate.type.UUIDBinaryType@72057ecf
2018-02-20 16:37:16 DEBUG BasicTypeRegistry:145 - Adding type registration uuid-char -&gt; org.hibernate.type.UUIDCharType@1ab3a8c8
2018-02-20 16:37:16 DEBUG BasicTypeRegistry:145 - Adding type registration binary -&gt; org.hibernate.type.BinaryType@498d318c
2018-02-20 16:37:16 DEBUG BasicTypeRegistry:145 - Adding type registration byte[] -&gt; org.hibernate.type.BinaryType@498d318c
2018-02-20 16:37:16 DEBUG BasicTypeRegistry:145 - Adding type registration [B -&gt; org.hibernate.type.BinaryType@498d318c
2018-02-20 16:37:16 DEBUG BasicTypeRegistry:145 - Adding type registration wrapper-binary -&gt; org.hibernate.type.WrapperBinaryType@f5ac9e4
2018-02-20 16:37:16 DEBUG BasicTypeRegistry:145 - Adding type registration Byte[] -&gt; org.hibernate.type.WrapperBinaryType@f5ac9e4
2018-02-20 16:37:16 DEBUG BasicTypeRegistry:145 - Adding type registration [Ljava.lang.Byte; -&gt; org.hibernate.type.WrapperBinaryType@f5ac9e4
2018-02-20 16:37:16 DEBUG BasicTypeRegistry:145 - Adding type registration row_version -&gt; org.hibernate.type.RowVersionType@441772e
2018-02-20 16:37:16 DEBUG BasicTypeRegistry:145 - Adding type registration image -&gt; org.hibernate.type.ImageType@14dd9eb7
2018-02-20 16:37:16 DEBUG BasicTypeRegistry:145 - Adding type registration characters -&gt; org.hibernate.type.CharArrayType@7fa98a66
2018-02-20 16:37:16 DEBUG BasicTypeRegistry:145 - Adding type registration char[] -&gt; org.hibernate.type.CharArrayType@7fa98a66
2018-02-20 16:37:16 DEBUG BasicTypeRegistry:145 - Adding type registration [C -&gt; org.hibernate.type.CharArrayType@7fa98a66
2018-02-20 16:37:16 DEBUG BasicTypeRegistry:145 - Adding type registration wrapper-characters -&gt; org.hibernate.type.CharacterArrayType@32eff876
2018-02-20 16:37:16 DEBUG BasicTypeRegistry:145 - Adding type registration [Ljava.lang.Character; -&gt; org.hibernate.type.CharacterArrayType@32eff876
2018-02-20 16:37:16 DEBUG BasicTypeRegistry:145 - Adding type registration Character[] -&gt; org.hibernate.type.CharacterArrayType@32eff876
2018-02-20 16:37:16 DEBUG BasicTypeRegistry:145 - Adding type registration text -&gt; org.hibernate.type.TextType@6aba2b86
2018-02-20 16:37:16 DEBUG BasicTypeRegistry:145 - Adding type registration ntext -&gt; org.hibernate.type.NTextType@3bb9a3ff
2018-02-20 16:37:16 DEBUG BasicTypeRegistry:145 - Adding type registration blob -&gt; org.hibernate.type.BlobType@9f116cc
2018-02-20 16:37:16 DEBUG BasicTypeRegistry:145 - Adding type registration java.sql.Blob -&gt; org.hibernate.type.BlobType@9f116cc
2018-02-20 16:37:16 DEBUG BasicTypeRegistry:145 - Adding type registration materialized_blob -&gt; org.hibernate.type.MaterializedBlobType@59309333
2018-02-20 16:37:16 DEBUG BasicTypeRegistry:145 - Adding type registration clob -&gt; org.hibernate.type.ClobType@79e2c065
2018-02-20 16:37:16 DEBUG BasicTypeRegistry:145 - Adding type registration java.sql.Clob -&gt; org.hibernate.type.ClobType@79e2c065
2018-02-20 16:37:16 DEBUG BasicTypeRegistry:145 - Adding type registration nclob -&gt; org.hibernate.type.NClobType@57a3af25
2018-02-20 16:37:16 DEBUG BasicTypeRegistry:145 - Adding type registration java.sql.NClob -&gt; org.hibernate.type.NClobType@57a3af25
2018-02-20 16:37:16 DEBUG BasicTypeRegistry:145 - Adding type registration materialized_clob -&gt; org.hibernate.type.MaterializedClobType@5c33f1a9
2018-02-20 16:37:16 DEBUG BasicTypeRegistry:145 - Adding type registration materialized_nclob -&gt; org.hibernate.type.MaterializedNClobType@6adbc9d
2018-02-20 16:37:16 DEBUG BasicTypeRegistry:145 - Adding type registration serializable -&gt; org.hibernate.type.SerializableType@4efbca5a
2018-02-20 16:37:16 DEBUG BasicTypeRegistry:145 - Adding type registration object -&gt; org.hibernate.type.ObjectType@7d8995e
2018-02-20 16:37:16 DEBUG BasicTypeRegistry:145 - Adding type registration java.lang.Object -&gt; org.hibernate.type.ObjectType@7d8995e
2018-02-20 16:37:16 DEBUG BasicTypeRegistry:145 - Adding type registration imm_date -&gt; org.hibernate.type.AdaptedImmutableType@293a5bf6
2018-02-20 16:37:16 DEBUG BasicTypeRegistry:145 - Adding type registration imm_time -&gt; org.hibernate.type.AdaptedImmutableType@6aeb35e6
2018-02-20 16:37:16 DEBUG BasicTypeRegistry:145 - Adding type registration imm_timestamp -&gt; org.hibernate.type.AdaptedImmutableType@1283bb96
2018-02-20 16:37:16 DEBUG BasicTypeRegistry:145 - Adding type registration imm_dbtimestamp -&gt; org.hibernate.type.AdaptedImmutableType@74f0ea28
2018-02-20 16:37:16 DEBUG BasicTypeRegistry:145 - Adding type registration imm_calendar -&gt; org.hibernate.type.AdaptedImmutableType@f6efaab
2018-02-20 16:37:16 DEBUG BasicTypeRegistry:145 - Adding type registration imm_calendar_date -&gt; org.hibernate.type.AdaptedImmutableType@3c19aaa5
2018-02-20 16:37:16 DEBUG BasicTypeRegistry:145 - Adding type registration imm_binary -&gt; org.hibernate.type.AdaptedImmutableType@3349e9bb
2018-02-20 16:37:16 DEBUG BasicTypeRegistry:145 - Adding type registration imm_serializable -&gt; org.hibernate.type.AdaptedImmutableType@409bf450
2018-02-20 16:37:16 WARN  ConnectionProviderInitiator:219 - HHH000022: c3p0 properties were encountered, but the c3p0 provider class was not found on the classpath; these properties are going to be ignored.
2018-02-20 16:37:16 WARN  pooling:73 - HHH10001002: Using Hibernate built-in connection pool (not for production use!)
2018-02-20 16:37:16 INFO  pooling:129 - HHH10001005: using driver [com.mysql.jdbc.Driver] at URL [jdbc:mysql://localhost:3306/testDB]
2018-02-20 16:37:16 INFO  pooling:135 - HHH10001001: Connection properties: {user=test3, password=test3}
2018-02-20 16:37:16 INFO  pooling:143 - HHH10001003: Autocommit mode: false
2018-02-20 16:37:16 DEBUG DriverManagerConnectionProviderImpl:384 - Initializing Connection pool with 1 Connections
2018-02-20 16:37:16 INFO  DriverManagerConnectionProviderImpl:281 - HHH000115: Hibernate connection pool size: 20 (min=1)
2018-02-20 16:37:16 INFO  AbstractServiceRegistryImpl:388 - HHH000369: Error stopping service [class org.hibernate.engine.jdbc.connections.internal.DriverManagerConnectionProviderImpl] : java.lang.NullPointerException
2018-02-20 16:37:16 DEBUG BootstrapServiceRegistryImpl:295 - Implicitly destroying Boot-strap registry on de-registration of all child ServiceRegistries
#########
TEST IS EMAIL ON DB
#########
email: prova1@prova.it
Access denied for user &apos;test3&apos;@&apos;localhost&apos; (using password: YES)
@Test --&gt; is email on DB: null
Access denied for user &apos;test3&apos;@&apos;localhost&apos; (using password: YES)
Database cleaned.... deleted rows number: 0
</system-out>
    <system-err>org.hibernate.service.spi.ServiceException: Unable to create requested service [org.hibernate.engine.jdbc.env.spi.JdbcEnvironment]
	at org.hibernate.service.internal.AbstractServiceRegistryImpl.createService(AbstractServiceRegistryImpl.java:271)
	at org.hibernate.service.internal.AbstractServiceRegistryImpl.initializeService(AbstractServiceRegistryImpl.java:233)
	at org.hibernate.service.internal.AbstractServiceRegistryImpl.getService(AbstractServiceRegistryImpl.java:210)
	at org.hibernate.engine.jdbc.internal.JdbcServicesImpl.configure(JdbcServicesImpl.java:51)
	at org.hibernate.boot.registry.internal.StandardServiceRegistryImpl.configureService(StandardServiceRegistryImpl.java:94)
	at org.hibernate.service.internal.AbstractServiceRegistryImpl.initializeService(AbstractServiceRegistryImpl.java:242)
	at org.hibernate.service.internal.AbstractServiceRegistryImpl.getService(AbstractServiceRegistryImpl.java:210)
	at org.hibernate.boot.model.process.spi.MetadataBuildingProcess.handleTypes(MetadataBuildingProcess.java:352)
	at org.hibernate.boot.model.process.spi.MetadataBuildingProcess.complete(MetadataBuildingProcess.java:111)
	at org.hibernate.boot.model.process.spi.MetadataBuildingProcess.build(MetadataBuildingProcess.java:83)
	at org.hibernate.boot.internal.MetadataBuilderImpl.build(MetadataBuilderImpl.java:418)
	at org.hibernate.boot.internal.MetadataBuilderImpl.build(MetadataBuilderImpl.java:87)
	at org.db.DBManager.getSessionFactory(DBManager.java:72)
	at org.db.UserDBManager.insertUser(UserDBManager.java:261)
	at org.db.UserDBManagerTest.insert(UserDBManagerTest.java:140)
	at sun.reflect.NativeMethodAccessorImpl.invoke0(Native Method)
	at sun.reflect.NativeMethodAccessorImpl.invoke(NativeMethodAccessorImpl.java:62)
	at sun.reflect.DelegatingMethodAccessorImpl.invoke(DelegatingMethodAccessorImpl.java:43)
	at java.lang.reflect.Method.invoke(Method.java:498)
	at org.junit.runners.model.FrameworkMethod$1.runReflectiveCall(FrameworkMethod.java:50)
	at org.junit.internal.runners.model.ReflectiveCallable.run(ReflectiveCallable.java:12)
	at org.junit.runners.model.FrameworkMethod.invokeExplosively(FrameworkMethod.java:47)
	at org.junit.internal.runners.statements.RunBefores.evaluate(RunBefores.java:24)
	at org.junit.internal.runners.statements.RunAfters.evaluate(RunAfters.java:27)
	at org.junit.runners.ParentRunner.runLeaf(ParentRunner.java:325)
	at org.junit.runners.BlockJUnit4ClassRunner.runChild(BlockJUnit4ClassRunner.java:78)
	at org.junit.runners.BlockJUnit4ClassRunner.runChild(BlockJUnit4ClassRunner.java:57)
	at org.junit.runners.ParentRunner$3.run(ParentRunner.java:290)
	at org.junit.runners.ParentRunner$1.schedule(ParentRunner.java:71)
	at org.junit.runners.ParentRunner.runChildren(ParentRunner.java:288)
	at org.junit.runners.ParentRunner.access$000(ParentRunner.java:58)
	at org.junit.runners.ParentRunner$2.evaluate(ParentRunner.java:268)
	at org.junit.runners.ParentRunner.run(ParentRunner.java:363)
	at org.apache.maven.surefire.junit4.JUnit4Provider.execute(JUnit4Provider.java:252)
	at org.apache.maven.surefire.junit4.JUnit4Provider.executeTestSet(JUnit4Provider.java:141)
	at org.apache.maven.surefire.junit4.JUnit4Provider.invoke(JUnit4Provider.java:112)
	at sun.reflect.NativeMethodAccessorImpl.invoke0(Native Method)
	at sun.reflect.NativeMethodAccessorImpl.invoke(NativeMethodAccessorImpl.java:62)
	at sun.reflect.DelegatingMethodAccessorImpl.invoke(DelegatingMethodAccessorImpl.java:43)
	at java.lang.reflect.Method.invoke(Method.java:498)
	at org.apache.maven.surefire.util.ReflectionUtils.invokeMethodWithArray(ReflectionUtils.java:189)
	at org.apache.maven.surefire.booter.ProviderFactory$ProviderProxy.invoke(ProviderFactory.java:165)
	at org.apache.maven.surefire.booter.ProviderFactory.invokeProvider(ProviderFactory.java:85)
	at org.apache.maven.surefire.booter.ForkedBooter.runSuitesInProcess(ForkedBooter.java:115)
	at org.apache.maven.surefire.booter.ForkedBooter.main(ForkedBooter.java:75)
Caused by: org.hibernate.exception.JDBCConnectionException: Error calling Driver#connect
	at org.hibernate.engine.jdbc.connections.internal.BasicConnectionCreator$1$1.convert(BasicConnectionCreator.java:105)
	at org.hibernate.engine.jdbc.connections.internal.BasicConnectionCreator.convertSqlException(BasicConnectionCreator.java:123)
	at org.hibernate.engine.jdbc.connections.internal.DriverConnectionCreator.makeConnection(DriverConnectionCreator.java:41)
	at org.hibernate.engine.jdbc.connections.internal.BasicConnectionCreator.createConnection(BasicConnectionCreator.java:58)
	at org.hibernate.engine.jdbc.connections.internal.DriverManagerConnectionProviderImpl$PooledConnections.addConnections(DriverManagerConnectionProviderImpl.java:363)
	at org.hibernate.engine.jdbc.connections.internal.DriverManagerConnectionProviderImpl$PooledConnections.&lt;init&gt;(DriverManagerConnectionProviderImpl.java:282)
	at org.hibernate.engine.jdbc.connections.internal.DriverManagerConnectionProviderImpl$PooledConnections.&lt;init&gt;(DriverManagerConnectionProviderImpl.java:260)
	at org.hibernate.engine.jdbc.connections.internal.DriverManagerConnectionProviderImpl$PooledConnections$Builder.build(DriverManagerConnectionProviderImpl.java:401)
	at org.hibernate.engine.jdbc.connections.internal.DriverManagerConnectionProviderImpl.buildPool(DriverManagerConnectionProviderImpl.java:112)
	at org.hibernate.engine.jdbc.connections.internal.DriverManagerConnectionProviderImpl.configure(DriverManagerConnectionProviderImpl.java:75)
	at org.hibernate.boot.registry.internal.StandardServiceRegistryImpl.configureService(StandardServiceRegistryImpl.java:94)
	at org.hibernate.service.internal.AbstractServiceRegistryImpl.initializeService(AbstractServiceRegistryImpl.java:242)
	at org.hibernate.service.internal.AbstractServiceRegistryImpl.getService(AbstractServiceRegistryImpl.java:210)
	at org.hibernate.engine.jdbc.env.internal.JdbcEnvironmentInitiator.buildJdbcConnectionAccess(JdbcEnvironmentInitiator.java:145)
	at org.hibernate.engine.jdbc.env.internal.JdbcEnvironmentInitiator.initiateService(JdbcEnvironmentInitiator.java:66)
	at org.hibernate.engine.jdbc.env.internal.JdbcEnvironmentInitiator.initiateService(JdbcEnvironmentInitiator.java:35)
	at org.hibernate.boot.registry.internal.StandardServiceRegistryImpl.initiateService(StandardServiceRegistryImpl.java:88)
	at org.hibernate.service.internal.AbstractServiceRegistryImpl.createService(AbstractServiceRegistryImpl.java:259)
	... 44 more
Caused by: java.sql.SQLException: Access denied for user &apos;test3&apos;@&apos;localhost&apos; (using password: YES)
	at com.mysql.jdbc.SQLError.createSQLException(SQLError.java:1055)
	at com.mysql.jdbc.SQLError.createSQLException(SQLError.java:956)
	at com.mysql.jdbc.MysqlIO.checkErrorPacket(MysqlIO.java:3491)
	at com.mysql.jdbc.MysqlIO.checkErrorPacket(MysqlIO.java:3423)
	at com.mysql.jdbc.MysqlIO.checkErrorPacket(MysqlIO.java:910)
	at com.mysql.jdbc.MysqlIO.secureAuth411(MysqlIO.java:3923)
	at com.mysql.jdbc.MysqlIO.doHandshake(MysqlIO.java:1273)
	at com.mysql.jdbc.ConnectionImpl.createNewIO(ConnectionImpl.java:2031)
	at com.mysql.jdbc.ConnectionImpl.&lt;init&gt;(ConnectionImpl.java:718)
	at com.mysql.jdbc.JDBC4Connection.&lt;init&gt;(JDBC4Connection.java:46)
	at sun.reflect.NativeConstructorAccessorImpl.newInstance0(Native Method)
	at sun.reflect.NativeConstructorAccessorImpl.newInstance(NativeConstructorAccessorImpl.java:62)
	at sun.reflect.DelegatingConstructorAccessorImpl.newInstance(DelegatingConstructorAccessorImpl.java:45)
	at java.lang.reflect.Constructor.newInstance(Constructor.java:423)
	at com.mysql.jdbc.Util.handleNewInstance(Util.java:406)
	at com.mysql.jdbc.ConnectionImpl.getInstance(ConnectionImpl.java:302)
	at com.mysql.jdbc.NonRegisteringDriver.connect(NonRegisteringDriver.java:282)
	at org.hibernate.engine.jdbc.connections.internal.DriverConnectionCreator.makeConnection(DriverConnectionCreator.java:38)
	... 59 more
java.lang.NullPointerException
	at org.db.UserDBManager.insertUser(UserDBManager.java:261)
	at org.db.UserDBManagerTest.insert(UserDBManagerTest.java:140)
	at sun.reflect.NativeMethodAccessorImpl.invoke0(Native Method)
	at sun.reflect.NativeMethodAccessorImpl.invoke(NativeMethodAccessorImpl.java:62)
	at sun.reflect.DelegatingMethodAccessorImpl.invoke(DelegatingMethodAccessorImpl.java:43)
	at java.lang.reflect.Method.invoke(Method.java:498)
	at org.junit.runners.model.FrameworkMethod$1.runReflectiveCall(FrameworkMethod.java:50)
	at org.junit.internal.runners.model.ReflectiveCallable.run(ReflectiveCallable.java:12)
	at org.junit.runners.model.FrameworkMethod.invokeExplosively(FrameworkMethod.java:47)
	at org.junit.internal.runners.statements.RunBefores.evaluate(RunBefores.java:24)
	at org.junit.internal.runners.statements.RunAfters.evaluate(RunAfters.java:27)
	at org.junit.runners.ParentRunner.runLeaf(ParentRunner.java:325)
	at org.junit.runners.BlockJUnit4ClassRunner.runChild(BlockJUnit4ClassRunner.java:78)
	at org.junit.runners.BlockJUnit4ClassRunner.runChild(BlockJUnit4ClassRunner.java:57)
	at org.junit.runners.ParentRunner$3.run(ParentRunner.java:290)
	at org.junit.runners.ParentRunner$1.schedule(ParentRunner.java:71)
	at org.junit.runners.ParentRunner.runChildren(ParentRunner.java:288)
	at org.junit.runners.ParentRunner.access$000(ParentRunner.java:58)
	at org.junit.runners.ParentRunner$2.evaluate(ParentRunner.java:268)
	at org.junit.runners.ParentRunner.run(ParentRunner.java:363)
	at org.apache.maven.surefire.junit4.JUnit4Provider.execute(JUnit4Provider.java:252)
	at org.apache.maven.surefire.junit4.JUnit4Provider.executeTestSet(JUnit4Provider.java:141)
	at org.apache.maven.surefire.junit4.JUnit4Provider.invoke(JUnit4Provider.java:112)
	at sun.reflect.NativeMethodAccessorImpl.invoke0(Native Method)
	at sun.reflect.NativeMethodAccessorImpl.invoke(NativeMethodAccessorImpl.java:62)
	at sun.reflect.DelegatingMethodAccessorImpl.invoke(DelegatingMethodAccessorImpl.java:43)
	at java.lang.reflect.Method.invoke(Method.java:498)
	at org.apache.maven.surefire.util.ReflectionUtils.invokeMethodWithArray(ReflectionUtils.java:189)
	at org.apache.maven.surefire.booter.ProviderFactory$ProviderProxy.invoke(ProviderFactory.java:165)
	at org.apache.maven.surefire.booter.ProviderFactory.invokeProvider(ProviderFactory.java:85)
	at org.apache.maven.surefire.booter.ForkedBooter.runSuitesInProcess(ForkedBooter.java:115)
	at org.apache.maven.surefire.booter.ForkedBooter.main(ForkedBooter.java:75)
java.sql.SQLException: Access denied for user &apos;test3&apos;@&apos;localhost&apos; (using password: YES)
	at com.mysql.jdbc.SQLError.createSQLException(SQLError.java:1055)
	at com.mysql.jdbc.SQLError.createSQLException(SQLError.java:956)
	at com.mysql.jdbc.MysqlIO.checkErrorPacket(MysqlIO.java:3491)
	at com.mysql.jdbc.MysqlIO.checkErrorPacket(MysqlIO.java:3423)
	at com.mysql.jdbc.MysqlIO.checkErrorPacket(MysqlIO.java:910)
	at com.mysql.jdbc.MysqlIO.secureAuth411(MysqlIO.java:3923)
	at com.mysql.jdbc.MysqlIO.doHandshake(MysqlIO.java:1273)
	at com.mysql.jdbc.ConnectionImpl.createNewIO(ConnectionImpl.java:2031)
	at com.mysql.jdbc.ConnectionImpl.&lt;init&gt;(ConnectionImpl.java:718)
	at com.mysql.jdbc.JDBC4Connection.&lt;init&gt;(JDBC4Connection.java:46)
	at sun.reflect.NativeConstructorAccessorImpl.newInstance0(Native Method)
	at sun.reflect.NativeConstructorAccessorImpl.newInstance(NativeConstructorAccessorImpl.java:62)
	at sun.reflect.DelegatingConstructorAccessorImpl.newInstance(DelegatingConstructorAccessorImpl.java:45)
	at java.lang.reflect.Constructor.newInstance(Constructor.java:423)
	at com.mysql.jdbc.Util.handleNewInstance(Util.java:406)
	at com.mysql.jdbc.ConnectionImpl.getInstance(ConnectionImpl.java:302)
	at com.mysql.jdbc.NonRegisteringDriver.connect(NonRegisteringDriver.java:282)
	at java.sql.DriverManager.getConnection(DriverManager.java:664)
	at java.sql.DriverManager.getConnection(DriverManager.java:247)
	at org.db.UserDBManager.openConnection(UserDBManager.java:35)
	at org.db.UserDBManager.getUserByEmail(UserDBManager.java:91)
	at org.db.UserDBManagerTest.test3_isEmailOnDB_true(UserDBManagerTest.java:47)
	at sun.reflect.NativeMethodAccessorImpl.invoke0(Native Method)
	at sun.reflect.NativeMethodAccessorImpl.invoke(NativeMethodAccessorImpl.java:62)
	at sun.reflect.DelegatingMethodAccessorImpl.invoke(DelegatingMethodAccessorImpl.java:43)
	at java.lang.reflect.Method.invoke(Method.java:498)
	at org.junit.runners.model.FrameworkMethod$1.runReflectiveCall(FrameworkMethod.java:50)
	at org.junit.internal.runners.model.ReflectiveCallable.run(ReflectiveCallable.java:12)
	at org.junit.runners.model.FrameworkMethod.invokeExplosively(FrameworkMethod.java:47)
	at org.junit.internal.runners.statements.InvokeMethod.evaluate(InvokeMethod.java:17)
	at org.junit.internal.runners.statements.RunBefores.evaluate(RunBefores.java:26)
	at org.junit.internal.runners.statements.RunAfters.evaluate(RunAfters.java:27)
	at org.junit.runners.ParentRunner.runLeaf(ParentRunner.java:325)
	at org.junit.runners.BlockJUnit4ClassRunner.runChild(BlockJUnit4ClassRunner.java:78)
	at org.junit.runners.BlockJUnit4ClassRunner.runChild(BlockJUnit4ClassRunner.java:57)
	at org.junit.runners.ParentRunner$3.run(ParentRunner.java:290)
	at org.junit.runners.ParentRunner$1.schedule(ParentRunner.java:71)
	at org.junit.runners.ParentRunner.runChildren(ParentRunner.java:288)
	at org.junit.runners.ParentRunner.access$000(ParentRunner.java:58)
	at org.junit.runners.ParentRunner$2.evaluate(ParentRunner.java:268)
	at org.junit.runners.ParentRunner.run(ParentRunner.java:363)
	at org.apache.maven.surefire.junit4.JUnit4Provider.execute(JUnit4Provider.java:252)
	at org.apache.maven.surefire.junit4.JUnit4Provider.executeTestSet(JUnit4Provider.java:141)
	at org.apache.maven.surefire.junit4.JUnit4Provider.invoke(JUnit4Provider.java:112)
	at sun.reflect.NativeMethodAccessorImpl.invoke0(Native Method)
	at sun.reflect.NativeMethodAccessorImpl.invoke(NativeMethodAccessorImpl.java:62)
	at sun.reflect.DelegatingMethodAccessorImpl.invoke(DelegatingMethodAccessorImpl.java:43)
	at java.lang.reflect.Method.invoke(Method.java:498)
	at org.apache.maven.surefire.util.ReflectionUtils.invokeMethodWithArray(ReflectionUtils.java:189)
	at org.apache.maven.surefire.booter.ProviderFactory$ProviderProxy.invoke(ProviderFactory.java:165)
	at org.apache.maven.surefire.booter.ProviderFactory.invokeProvider(ProviderFactory.java:85)
	at org.apache.maven.surefire.booter.ForkedBooter.runSuitesInProcess(ForkedBooter.java:115)
	at org.apache.maven.surefire.booter.ForkedBooter.main(ForkedBooter.java:75)
java.sql.SQLException: Access denied for user &apos;test3&apos;@&apos;localhost&apos; (using password: YES)
	at com.mysql.jdbc.SQLError.createSQLException(SQLError.java:1055)
	at com.mysql.jdbc.SQLError.createSQLException(SQLError.java:956)
	at com.mysql.jdbc.MysqlIO.checkErrorPacket(MysqlIO.java:3491)
	at com.mysql.jdbc.MysqlIO.checkErrorPacket(MysqlIO.java:3423)
	at com.mysql.jdbc.MysqlIO.checkErrorPacket(MysqlIO.java:910)
	at com.mysql.jdbc.MysqlIO.secureAuth411(MysqlIO.java:3923)
	at com.mysql.jdbc.MysqlIO.doHandshake(MysqlIO.java:1273)
	at com.mysql.jdbc.ConnectionImpl.createNewIO(ConnectionImpl.java:2031)
	at com.mysql.jdbc.ConnectionImpl.&lt;init&gt;(ConnectionImpl.java:718)
	at com.mysql.jdbc.JDBC4Connection.&lt;init&gt;(JDBC4Connection.java:46)
	at sun.reflect.NativeConstructorAccessorImpl.newInstance0(Native Method)
	at sun.reflect.NativeConstructorAccessorImpl.newInstance(NativeConstructorAccessorImpl.java:62)
	at sun.reflect.DelegatingConstructorAccessorImpl.newInstance(DelegatingConstructorAccessorImpl.java:45)
	at java.lang.reflect.Constructor.newInstance(Constructor.java:423)
	at com.mysql.jdbc.Util.handleNewInstance(Util.java:406)
	at com.mysql.jdbc.ConnectionImpl.getInstance(ConnectionImpl.java:302)
	at com.mysql.jdbc.NonRegisteringDriver.connect(NonRegisteringDriver.java:282)
	at java.sql.DriverManager.getConnection(DriverManager.java:664)
	at java.sql.DriverManager.getConnection(DriverManager.java:247)
	at org.db.UserDBManager.openConnection(UserDBManager.java:35)
	at org.db.UserDBManager.deleteAll(UserDBManager.java:309)
	at org.db.UserDBManagerTest.cleanUsersDB(UserDBManagerTest.java:150)
	at sun.reflect.NativeMethodAccessorImpl.invoke0(Native Method)
	at sun.reflect.NativeMethodAccessorImpl.invoke(NativeMethodAccessorImpl.java:62)
	at sun.reflect.DelegatingMethodAccessorImpl.invoke(DelegatingMethodAccessorImpl.java:43)
	at java.lang.reflect.Method.invoke(Method.java:498)
	at org.junit.runners.model.FrameworkMethod$1.runReflectiveCall(FrameworkMethod.java:50)
	at org.junit.internal.runners.model.ReflectiveCallable.run(ReflectiveCallable.java:12)
	at org.junit.runners.model.FrameworkMethod.invokeExplosively(FrameworkMethod.java:47)
	at org.junit.internal.runners.statements.RunAfters.evaluate(RunAfters.java:33)
	at org.junit.runners.ParentRunner.runLeaf(ParentRunner.java:325)
	at org.junit.runners.BlockJUnit4ClassRunner.runChild(BlockJUnit4ClassRunner.java:78)
	at org.junit.runners.BlockJUnit4ClassRunner.runChild(BlockJUnit4ClassRunner.java:57)
	at org.junit.runners.ParentRunner$3.run(ParentRunner.java:290)
	at org.junit.runners.ParentRunner$1.schedule(ParentRunner.java:71)
	at org.junit.runners.ParentRunner.runChildren(ParentRunner.java:288)
	at org.junit.runners.ParentRunner.access$000(ParentRunner.java:58)
	at org.junit.runners.ParentRunner$2.evaluate(ParentRunner.java:268)
	at org.junit.runners.ParentRunner.run(ParentRunner.java:363)
	at org.apache.maven.surefire.junit4.JUnit4Provider.execute(JUnit4Provider.java:252)
	at org.apache.maven.surefire.junit4.JUnit4Provider.executeTestSet(JUnit4Provider.java:141)
	at org.apache.maven.surefire.junit4.JUnit4Provider.invoke(JUnit4Provider.java:112)
	at sun.reflect.NativeMethodAccessorImpl.invoke0(Native Method)
	at sun.reflect.NativeMethodAccessorImpl.invoke(NativeMethodAccessorImpl.java:62)
	at sun.reflect.DelegatingMethodAccessorImpl.invoke(DelegatingMethodAccessorImpl.java:43)
	at java.lang.reflect.Method.invoke(Method.java:498)
	at org.apache.maven.surefire.util.ReflectionUtils.invokeMethodWithArray(ReflectionUtils.java:189)
	at org.apache.maven.surefire.booter.ProviderFactory$ProviderProxy.invoke(ProviderFactory.java:165)
	at org.apache.maven.surefire.booter.ProviderFactory.invokeProvider(ProviderFactory.java:85)
	at org.apache.maven.surefire.booter.ForkedBooter.runSuitesInProcess(ForkedBooter.java:115)
	at org.apache.maven.surefire.booter.ForkedBooter.main(ForkedBooter.java:75)
</system-err>
  </testcase>
  <testcase classname="org.db.UserDBManagerTest" name="test1" time="0.116">
    <failure type="java.lang.AssertionError">java.lang.AssertionError
	at org.junit.Assert.fail(Assert.java:86)
	at org.junit.Assert.assertTrue(Assert.java:41)
	at org.junit.Assert.assertTrue(Assert.java:52)
	at org.db.UserDBManagerTest.test1(UserDBManagerTest.java:29)
	at sun.reflect.NativeMethodAccessorImpl.invoke0(Native Method)
	at sun.reflect.NativeMethodAccessorImpl.invoke(NativeMethodAccessorImpl.java:62)
	at sun.reflect.DelegatingMethodAccessorImpl.invoke(DelegatingMethodAccessorImpl.java:43)
	at java.lang.reflect.Method.invoke(Method.java:498)
	at org.junit.runners.model.FrameworkMethod$1.runReflectiveCall(FrameworkMethod.java:50)
	at org.junit.internal.runners.model.ReflectiveCallable.run(ReflectiveCallable.java:12)
	at org.junit.runners.model.FrameworkMethod.invokeExplosively(FrameworkMethod.java:47)
	at org.junit.internal.runners.statements.InvokeMethod.evaluate(InvokeMethod.java:17)
	at org.junit.internal.runners.statements.RunBefores.evaluate(RunBefores.java:26)
	at org.junit.internal.runners.statements.RunAfters.evaluate(RunAfters.java:27)
	at org.junit.runners.ParentRunner.runLeaf(ParentRunner.java:325)
	at org.junit.runners.BlockJUnit4ClassRunner.runChild(BlockJUnit4ClassRunner.java:78)
	at org.junit.runners.BlockJUnit4ClassRunner.runChild(BlockJUnit4ClassRunner.java:57)
	at org.junit.runners.ParentRunner$3.run(ParentRunner.java:290)
	at org.junit.runners.ParentRunner$1.schedule(ParentRunner.java:71)
	at org.junit.runners.ParentRunner.runChildren(ParentRunner.java:288)
	at org.junit.runners.ParentRunner.access$000(ParentRunner.java:58)
	at org.junit.runners.ParentRunner$2.evaluate(ParentRunner.java:268)
	at org.junit.runners.ParentRunner.run(ParentRunner.java:363)
	at org.apache.maven.surefire.junit4.JUnit4Provider.execute(JUnit4Provider.java:252)
	at org.apache.maven.surefire.junit4.JUnit4Provider.executeTestSet(JUnit4Provider.java:141)
	at org.apache.maven.surefire.junit4.JUnit4Provider.invoke(JUnit4Provider.java:112)
	at sun.reflect.NativeMethodAccessorImpl.invoke0(Native Method)
	at sun.reflect.NativeMethodAccessorImpl.invoke(NativeMethodAccessorImpl.java:62)
	at sun.reflect.DelegatingMethodAccessorImpl.invoke(DelegatingMethodAccessorImpl.java:43)
	at java.lang.reflect.Method.invoke(Method.java:498)
	at org.apache.maven.surefire.util.ReflectionUtils.invokeMethodWithArray(ReflectionUtils.java:189)
	at org.apache.maven.surefire.booter.ProviderFactory$ProviderProxy.invoke(ProviderFactory.java:165)
	at org.apache.maven.surefire.booter.ProviderFactory.invokeProvider(ProviderFactory.java:85)
	at org.apache.maven.surefire.booter.ForkedBooter.runSuitesInProcess(ForkedBooter.java:115)
	at org.apache.maven.surefire.booter.ForkedBooter.main(ForkedBooter.java:75)
</failure>
    <system-out>2018-02-20 16:37:16 DEBUG IntegratorServiceImpl:46 - Adding Integrator [org.hibernate.cfg.beanvalidation.BeanValidationIntegrator].
2018-02-20 16:37:16 DEBUG IntegratorServiceImpl:46 - Adding Integrator [org.hibernate.secure.spi.JaccIntegrator].
2018-02-20 16:37:16 DEBUG IntegratorServiceImpl:46 - Adding Integrator [org.hibernate.cache.internal.CollectionCacheInvalidator].
2018-02-20 16:37:16 DEBUG LocalXmlResourceResolver:57 - Interpreting public/system identifier : [-//Hibernate/Hibernate Configuration DTD//EN] - [http://www.hibernate.org/dtd/hibernate-configuration-3.0.dtd]
2018-02-20 16:37:16 DEBUG LocalXmlResourceResolver:85 - Recognized hibernate-configuration identifier; attempting to resolve on classpath under org/hibernate/
2018-02-20 16:37:16 DEBUG JaxbCfgProcessor:116 - cfg.xml document did not define namespaces; wrapping in custom event reader to introduce namespace information
2018-02-20 16:37:16 DEBUG ServiceBinding:68 - Overriding existing service binding [org.hibernate.secure.spi.JaccService]
2018-02-20 16:37:16 DEBUG RegionFactoryInitiator:75 - Cache region factory : org.hibernate.cache.internal.NoCachingRegionFactory
2018-02-20 16:37:16 DEBUG BasicTypeRegistry:145 - Adding type registration boolean -&gt; org.hibernate.type.BooleanType@229d10bd
2018-02-20 16:37:16 DEBUG BasicTypeRegistry:145 - Adding type registration boolean -&gt; org.hibernate.type.BooleanType@229d10bd
2018-02-20 16:37:16 DEBUG BasicTypeRegistry:145 - Adding type registration java.lang.Boolean -&gt; org.hibernate.type.BooleanType@229d10bd
2018-02-20 16:37:16 DEBUG BasicTypeRegistry:145 - Adding type registration numeric_boolean -&gt; org.hibernate.type.NumericBooleanType@25d250c6
2018-02-20 16:37:16 DEBUG BasicTypeRegistry:145 - Adding type registration true_false -&gt; org.hibernate.type.TrueFalseType@3c9d0b9d
2018-02-20 16:37:16 DEBUG BasicTypeRegistry:145 - Adding type registration yes_no -&gt; org.hibernate.type.YesNoType@1a04f701
2018-02-20 16:37:16 DEBUG BasicTypeRegistry:145 - Adding type registration byte -&gt; org.hibernate.type.ByteType@12b0404f
2018-02-20 16:37:16 DEBUG BasicTypeRegistry:145 - Adding type registration byte -&gt; org.hibernate.type.ByteType@12b0404f
2018-02-20 16:37:16 DEBUG BasicTypeRegistry:145 - Adding type registration java.lang.Byte -&gt; org.hibernate.type.ByteType@12b0404f
2018-02-20 16:37:16 DEBUG BasicTypeRegistry:145 - Adding type registration character -&gt; org.hibernate.type.CharacterType@647fd8ce
2018-02-20 16:37:16 DEBUG BasicTypeRegistry:145 - Adding type registration char -&gt; org.hibernate.type.CharacterType@647fd8ce
2018-02-20 16:37:16 DEBUG BasicTypeRegistry:145 - Adding type registration java.lang.Character -&gt; org.hibernate.type.CharacterType@647fd8ce
2018-02-20 16:37:16 DEBUG BasicTypeRegistry:145 - Adding type registration short -&gt; org.hibernate.type.ShortType@12e61fe6
2018-02-20 16:37:16 DEBUG BasicTypeRegistry:145 - Adding type registration short -&gt; org.hibernate.type.ShortType@12e61fe6
2018-02-20 16:37:16 DEBUG BasicTypeRegistry:145 - Adding type registration java.lang.Short -&gt; org.hibernate.type.ShortType@12e61fe6
2018-02-20 16:37:16 DEBUG BasicTypeRegistry:145 - Adding type registration integer -&gt; org.hibernate.type.IntegerType@5e316c74
2018-02-20 16:37:16 DEBUG BasicTypeRegistry:145 - Adding type registration int -&gt; org.hibernate.type.IntegerType@5e316c74
2018-02-20 16:37:16 DEBUG BasicTypeRegistry:145 - Adding type registration java.lang.Integer -&gt; org.hibernate.type.IntegerType@5e316c74
2018-02-20 16:37:16 DEBUG BasicTypeRegistry:145 - Adding type registration long -&gt; org.hibernate.type.LongType@2b6faea6
2018-02-20 16:37:16 DEBUG BasicTypeRegistry:145 - Adding type registration long -&gt; org.hibernate.type.LongType@2b6faea6
2018-02-20 16:37:16 DEBUG BasicTypeRegistry:145 - Adding type registration java.lang.Long -&gt; org.hibernate.type.LongType@2b6faea6
2018-02-20 16:37:16 DEBUG BasicTypeRegistry:145 - Adding type registration float -&gt; org.hibernate.type.FloatType@1ed1993a
2018-02-20 16:37:16 DEBUG BasicTypeRegistry:145 - Adding type registration float -&gt; org.hibernate.type.FloatType@1ed1993a
2018-02-20 16:37:16 DEBUG BasicTypeRegistry:145 - Adding type registration java.lang.Float -&gt; org.hibernate.type.FloatType@1ed1993a
2018-02-20 16:37:16 DEBUG BasicTypeRegistry:145 - Adding type registration double -&gt; org.hibernate.type.DoubleType@3967e60c
2018-02-20 16:37:16 DEBUG BasicTypeRegistry:145 - Adding type registration double -&gt; org.hibernate.type.DoubleType@3967e60c
2018-02-20 16:37:16 DEBUG BasicTypeRegistry:145 - Adding type registration java.lang.Double -&gt; org.hibernate.type.DoubleType@3967e60c
2018-02-20 16:37:16 DEBUG BasicTypeRegistry:145 - Adding type registration big_decimal -&gt; org.hibernate.type.BigDecimalType@65466a6a
2018-02-20 16:37:16 DEBUG BasicTypeRegistry:145 - Adding type registration java.math.BigDecimal -&gt; org.hibernate.type.BigDecimalType@65466a6a
2018-02-20 16:37:16 DEBUG BasicTypeRegistry:145 - Adding type registration big_integer -&gt; org.hibernate.type.BigIntegerType@4386f16
2018-02-20 16:37:16 DEBUG BasicTypeRegistry:145 - Adding type registration java.math.BigInteger -&gt; org.hibernate.type.BigIntegerType@4386f16
2018-02-20 16:37:16 DEBUG BasicTypeRegistry:145 - Adding type registration string -&gt; org.hibernate.type.StringType@7f552bd3
2018-02-20 16:37:16 DEBUG BasicTypeRegistry:145 - Adding type registration java.lang.String -&gt; org.hibernate.type.StringType@7f552bd3
2018-02-20 16:37:16 DEBUG BasicTypeRegistry:145 - Adding type registration nstring -&gt; org.hibernate.type.StringNVarcharType@3aefe5e5
2018-02-20 16:37:16 DEBUG BasicTypeRegistry:145 - Adding type registration ncharacter -&gt; org.hibernate.type.CharacterNCharType@ef9296d
2018-02-20 16:37:16 DEBUG BasicTypeRegistry:145 - Adding type registration url -&gt; org.hibernate.type.UrlType@6ef888f6
2018-02-20 16:37:16 DEBUG BasicTypeRegistry:145 - Adding type registration java.net.URL -&gt; org.hibernate.type.UrlType@6ef888f6
2018-02-20 16:37:16 DEBUG BasicTypeRegistry:145 - Adding type registration Duration -&gt; org.hibernate.type.DurationType@bef2d72
2018-02-20 16:37:16 DEBUG BasicTypeRegistry:145 - Adding type registration java.time.Duration -&gt; org.hibernate.type.DurationType@bef2d72
2018-02-20 16:37:16 DEBUG BasicTypeRegistry:145 - Adding type registration Instant -&gt; org.hibernate.type.InstantType@1622f1b
2018-02-20 16:37:16 DEBUG BasicTypeRegistry:145 - Adding type registration java.time.Instant -&gt; org.hibernate.type.InstantType@1622f1b
2018-02-20 16:37:16 DEBUG BasicTypeRegistry:145 - Adding type registration LocalDateTime -&gt; org.hibernate.type.LocalDateTimeType@5bd03f44
2018-02-20 16:37:16 DEBUG BasicTypeRegistry:145 - Adding type registration java.time.LocalDateTime -&gt; org.hibernate.type.LocalDateTimeType@5bd03f44
2018-02-20 16:37:16 DEBUG BasicTypeRegistry:145 - Adding type registration LocalDate -&gt; org.hibernate.type.LocalDateType@19bb07ed
2018-02-20 16:37:16 DEBUG BasicTypeRegistry:145 - Adding type registration java.time.LocalDate -&gt; org.hibernate.type.LocalDateType@19bb07ed
2018-02-20 16:37:16 DEBUG BasicTypeRegistry:145 - Adding type registration LocalTime -&gt; org.hibernate.type.LocalTimeType@13e39c73
2018-02-20 16:37:16 DEBUG BasicTypeRegistry:145 - Adding type registration java.time.LocalTime -&gt; org.hibernate.type.LocalTimeType@13e39c73
2018-02-20 16:37:16 DEBUG BasicTypeRegistry:145 - Adding type registration OffsetDateTime -&gt; org.hibernate.type.OffsetDateTimeType@6580cfdd
2018-02-20 16:37:16 DEBUG BasicTypeRegistry:145 - Adding type registration java.time.OffsetDateTime -&gt; org.hibernate.type.OffsetDateTimeType@6580cfdd
2018-02-20 16:37:16 DEBUG BasicTypeRegistry:145 - Adding type registration OffsetTime -&gt; org.hibernate.type.OffsetTimeType@48ae9b55
2018-02-20 16:37:16 DEBUG BasicTypeRegistry:145 - Adding type registration java.time.OffsetTime -&gt; org.hibernate.type.OffsetTimeType@48ae9b55
2018-02-20 16:37:16 DEBUG BasicTypeRegistry:145 - Adding type registration ZonedDateTime -&gt; org.hibernate.type.ZonedDateTimeType@31368b99
2018-02-20 16:37:16 DEBUG BasicTypeRegistry:145 - Adding type registration java.time.ZonedDateTime -&gt; org.hibernate.type.ZonedDateTimeType@31368b99
2018-02-20 16:37:16 DEBUG BasicTypeRegistry:145 - Adding type registration date -&gt; org.hibernate.type.DateType@15c43bd9
2018-02-20 16:37:16 DEBUG BasicTypeRegistry:145 - Adding type registration java.sql.Date -&gt; org.hibernate.type.DateType@15c43bd9
2018-02-20 16:37:16 DEBUG BasicTypeRegistry:145 - Adding type registration time -&gt; org.hibernate.type.TimeType@39529185
2018-02-20 16:37:16 DEBUG BasicTypeRegistry:145 - Adding type registration java.sql.Time -&gt; org.hibernate.type.TimeType@39529185
2018-02-20 16:37:16 DEBUG BasicTypeRegistry:145 - Adding type registration timestamp -&gt; org.hibernate.type.TimestampType@27ce24aa
2018-02-20 16:37:16 DEBUG BasicTypeRegistry:145 - Adding type registration java.sql.Timestamp -&gt; org.hibernate.type.TimestampType@27ce24aa
2018-02-20 16:37:16 DEBUG BasicTypeRegistry:145 - Adding type registration java.util.Date -&gt; org.hibernate.type.TimestampType@27ce24aa
2018-02-20 16:37:16 DEBUG BasicTypeRegistry:145 - Adding type registration dbtimestamp -&gt; org.hibernate.type.DbTimestampType@7ed7259e
2018-02-20 16:37:16 DEBUG BasicTypeRegistry:145 - Adding type registration calendar -&gt; org.hibernate.type.CalendarType@3c407114
2018-02-20 16:37:16 DEBUG BasicTypeRegistry:145 - Adding type registration java.util.Calendar -&gt; org.hibernate.type.CalendarType@3c407114
2018-02-20 16:37:16 DEBUG BasicTypeRegistry:145 - Adding type registration java.util.GregorianCalendar -&gt; org.hibernate.type.CalendarType@3c407114
2018-02-20 16:37:16 DEBUG BasicTypeRegistry:145 - Adding type registration calendar_date -&gt; org.hibernate.type.CalendarDateType@130161f7
2018-02-20 16:37:16 DEBUG BasicTypeRegistry:145 - Adding type registration locale -&gt; org.hibernate.type.LocaleType@7722c3c3
2018-02-20 16:37:16 DEBUG BasicTypeRegistry:145 - Adding type registration java.util.Locale -&gt; org.hibernate.type.LocaleType@7722c3c3
2018-02-20 16:37:16 DEBUG BasicTypeRegistry:145 - Adding type registration currency -&gt; org.hibernate.type.CurrencyType@50eac852
2018-02-20 16:37:16 DEBUG BasicTypeRegistry:145 - Adding type registration java.util.Currency -&gt; org.hibernate.type.CurrencyType@50eac852
2018-02-20 16:37:16 DEBUG BasicTypeRegistry:145 - Adding type registration timezone -&gt; org.hibernate.type.TimeZoneType@6a192cfe
2018-02-20 16:37:16 DEBUG BasicTypeRegistry:145 - Adding type registration java.util.TimeZone -&gt; org.hibernate.type.TimeZoneType@6a192cfe
2018-02-20 16:37:16 DEBUG BasicTypeRegistry:145 - Adding type registration class -&gt; org.hibernate.type.ClassType@1dde4cb2
2018-02-20 16:37:16 DEBUG BasicTypeRegistry:145 - Adding type registration java.lang.Class -&gt; org.hibernate.type.ClassType@1dde4cb2
2018-02-20 16:37:16 DEBUG BasicTypeRegistry:145 - Adding type registration uuid-binary -&gt; org.hibernate.type.UUIDBinaryType@72057ecf
2018-02-20 16:37:16 DEBUG BasicTypeRegistry:145 - Adding type registration java.util.UUID -&gt; org.hibernate.type.UUIDBinaryType@72057ecf
2018-02-20 16:37:16 DEBUG BasicTypeRegistry:145 - Adding type registration uuid-char -&gt; org.hibernate.type.UUIDCharType@1ab3a8c8
2018-02-20 16:37:16 DEBUG BasicTypeRegistry:145 - Adding type registration binary -&gt; org.hibernate.type.BinaryType@498d318c
2018-02-20 16:37:16 DEBUG BasicTypeRegistry:145 - Adding type registration byte[] -&gt; org.hibernate.type.BinaryType@498d318c
2018-02-20 16:37:16 DEBUG BasicTypeRegistry:145 - Adding type registration [B -&gt; org.hibernate.type.BinaryType@498d318c
2018-02-20 16:37:16 DEBUG BasicTypeRegistry:145 - Adding type registration wrapper-binary -&gt; org.hibernate.type.WrapperBinaryType@f5ac9e4
2018-02-20 16:37:16 DEBUG BasicTypeRegistry:145 - Adding type registration Byte[] -&gt; org.hibernate.type.WrapperBinaryType@f5ac9e4
2018-02-20 16:37:16 DEBUG BasicTypeRegistry:145 - Adding type registration [Ljava.lang.Byte; -&gt; org.hibernate.type.WrapperBinaryType@f5ac9e4
2018-02-20 16:37:16 DEBUG BasicTypeRegistry:145 - Adding type registration row_version -&gt; org.hibernate.type.RowVersionType@441772e
2018-02-20 16:37:16 DEBUG BasicTypeRegistry:145 - Adding type registration image -&gt; org.hibernate.type.ImageType@14dd9eb7
2018-02-20 16:37:16 DEBUG BasicTypeRegistry:145 - Adding type registration characters -&gt; org.hibernate.type.CharArrayType@7fa98a66
2018-02-20 16:37:16 DEBUG BasicTypeRegistry:145 - Adding type registration char[] -&gt; org.hibernate.type.CharArrayType@7fa98a66
2018-02-20 16:37:16 DEBUG BasicTypeRegistry:145 - Adding type registration [C -&gt; org.hibernate.type.CharArrayType@7fa98a66
2018-02-20 16:37:16 DEBUG BasicTypeRegistry:145 - Adding type registration wrapper-characters -&gt; org.hibernate.type.CharacterArrayType@32eff876
2018-02-20 16:37:16 DEBUG BasicTypeRegistry:145 - Adding type registration [Ljava.lang.Character; -&gt; org.hibernate.type.CharacterArrayType@32eff876
2018-02-20 16:37:16 DEBUG BasicTypeRegistry:145 - Adding type registration Character[] -&gt; org.hibernate.type.CharacterArrayType@32eff876
2018-02-20 16:37:16 DEBUG BasicTypeRegistry:145 - Adding type registration text -&gt; org.hibernate.type.TextType@6aba2b86
2018-02-20 16:37:16 DEBUG BasicTypeRegistry:145 - Adding type registration ntext -&gt; org.hibernate.type.NTextType@3bb9a3ff
2018-02-20 16:37:16 DEBUG BasicTypeRegistry:145 - Adding type registration blob -&gt; org.hibernate.type.BlobType@9f116cc
2018-02-20 16:37:16 DEBUG BasicTypeRegistry:145 - Adding type registration java.sql.Blob -&gt; org.hibernate.type.BlobType@9f116cc
2018-02-20 16:37:16 DEBUG BasicTypeRegistry:145 - Adding type registration materialized_blob -&gt; org.hibernate.type.MaterializedBlobType@59309333
2018-02-20 16:37:16 DEBUG BasicTypeRegistry:145 - Adding type registration clob -&gt; org.hibernate.type.ClobType@79e2c065
2018-02-20 16:37:16 DEBUG BasicTypeRegistry:145 - Adding type registration java.sql.Clob -&gt; org.hibernate.type.ClobType@79e2c065
2018-02-20 16:37:16 DEBUG BasicTypeRegistry:145 - Adding type registration nclob -&gt; org.hibernate.type.NClobType@57a3af25
2018-02-20 16:37:16 DEBUG BasicTypeRegistry:145 - Adding type registration java.sql.NClob -&gt; org.hibernate.type.NClobType@57a3af25
2018-02-20 16:37:16 DEBUG BasicTypeRegistry:145 - Adding type registration materialized_clob -&gt; org.hibernate.type.MaterializedClobType@5c33f1a9
2018-02-20 16:37:16 DEBUG BasicTypeRegistry:145 - Adding type registration materialized_nclob -&gt; org.hibernate.type.MaterializedNClobType@6adbc9d
2018-02-20 16:37:16 DEBUG BasicTypeRegistry:145 - Adding type registration serializable -&gt; org.hibernate.type.SerializableType@4efbca5a
2018-02-20 16:37:16 DEBUG BasicTypeRegistry:145 - Adding type registration object -&gt; org.hibernate.type.ObjectType@7d8995e
2018-02-20 16:37:16 DEBUG BasicTypeRegistry:145 - Adding type registration java.lang.Object -&gt; org.hibernate.type.ObjectType@7d8995e
2018-02-20 16:37:16 DEBUG BasicTypeRegistry:145 - Adding type registration imm_date -&gt; org.hibernate.type.AdaptedImmutableType@6ed3ccb2
2018-02-20 16:37:16 DEBUG BasicTypeRegistry:145 - Adding type registration imm_time -&gt; org.hibernate.type.AdaptedImmutableType@1a677343
2018-02-20 16:37:16 DEBUG BasicTypeRegistry:145 - Adding type registration imm_timestamp -&gt; org.hibernate.type.AdaptedImmutableType@15de0b3c
2018-02-20 16:37:16 DEBUG BasicTypeRegistry:145 - Adding type registration imm_dbtimestamp -&gt; org.hibernate.type.AdaptedImmutableType@489115ef
2018-02-20 16:37:16 DEBUG BasicTypeRegistry:145 - Adding type registration imm_calendar -&gt; org.hibernate.type.AdaptedImmutableType@3857f613
2018-02-20 16:37:16 DEBUG BasicTypeRegistry:145 - Adding type registration imm_calendar_date -&gt; org.hibernate.type.AdaptedImmutableType@198b6731
2018-02-20 16:37:16 DEBUG BasicTypeRegistry:145 - Adding type registration imm_binary -&gt; org.hibernate.type.AdaptedImmutableType@7c6908d7
2018-02-20 16:37:16 DEBUG BasicTypeRegistry:145 - Adding type registration imm_serializable -&gt; org.hibernate.type.AdaptedImmutableType@3c9754d8
2018-02-20 16:37:16 WARN  ConnectionProviderInitiator:219 - HHH000022: c3p0 properties were encountered, but the c3p0 provider class was not found on the classpath; these properties are going to be ignored.
2018-02-20 16:37:16 WARN  pooling:73 - HHH10001002: Using Hibernate built-in connection pool (not for production use!)
2018-02-20 16:37:16 INFO  pooling:129 - HHH10001005: using driver [com.mysql.jdbc.Driver] at URL [jdbc:mysql://localhost:3306/testDB]
2018-02-20 16:37:16 INFO  pooling:135 - HHH10001001: Connection properties: {user=test3, password=test3}
2018-02-20 16:37:16 INFO  pooling:143 - HHH10001003: Autocommit mode: false
2018-02-20 16:37:16 DEBUG DriverManagerConnectionProviderImpl:384 - Initializing Connection pool with 1 Connections
2018-02-20 16:37:16 INFO  DriverManagerConnectionProviderImpl:281 - HHH000115: Hibernate connection pool size: 20 (min=1)
2018-02-20 16:37:16 INFO  AbstractServiceRegistryImpl:388 - HHH000369: Error stopping service [class org.hibernate.engine.jdbc.connections.internal.DriverManagerConnectionProviderImpl] : java.lang.NullPointerException
2018-02-20 16:37:16 DEBUG BootstrapServiceRegistryImpl:295 - Implicitly destroying Boot-strap registry on de-registration of all child ServiceRegistries
#########
TEST SELECT
#########
Access denied for user &apos;test3&apos;@&apos;localhost&apos; (using password: YES)
@Test --&gt; size: 0
Access denied for user &apos;test3&apos;@&apos;localhost&apos; (using password: YES)
Database cleaned.... deleted rows number: 0
</system-out>
    <system-err>org.hibernate.service.spi.ServiceException: Unable to create requested service [org.hibernate.engine.jdbc.env.spi.JdbcEnvironment]
	at org.hibernate.service.internal.AbstractServiceRegistryImpl.createService(AbstractServiceRegistryImpl.java:271)
	at org.hibernate.service.internal.AbstractServiceRegistryImpl.initializeService(AbstractServiceRegistryImpl.java:233)
	at org.hibernate.service.internal.AbstractServiceRegistryImpl.getService(AbstractServiceRegistryImpl.java:210)
	at org.hibernate.engine.jdbc.internal.JdbcServicesImpl.configure(JdbcServicesImpl.java:51)
	at org.hibernate.boot.registry.internal.StandardServiceRegistryImpl.configureService(StandardServiceRegistryImpl.java:94)
	at org.hibernate.service.internal.AbstractServiceRegistryImpl.initializeService(AbstractServiceRegistryImpl.java:242)
	at org.hibernate.service.internal.AbstractServiceRegistryImpl.getService(AbstractServiceRegistryImpl.java:210)
	at org.hibernate.boot.model.process.spi.MetadataBuildingProcess.handleTypes(MetadataBuildingProcess.java:352)
	at org.hibernate.boot.model.process.spi.MetadataBuildingProcess.complete(MetadataBuildingProcess.java:111)
	at org.hibernate.boot.model.process.spi.MetadataBuildingProcess.build(MetadataBuildingProcess.java:83)
	at org.hibernate.boot.internal.MetadataBuilderImpl.build(MetadataBuilderImpl.java:418)
	at org.hibernate.boot.internal.MetadataBuilderImpl.build(MetadataBuilderImpl.java:87)
	at org.db.DBManager.getSessionFactory(DBManager.java:72)
	at org.db.UserDBManager.insertUser(UserDBManager.java:261)
	at org.db.UserDBManagerTest.insert(UserDBManagerTest.java:140)
	at sun.reflect.NativeMethodAccessorImpl.invoke0(Native Method)
	at sun.reflect.NativeMethodAccessorImpl.invoke(NativeMethodAccessorImpl.java:62)
	at sun.reflect.DelegatingMethodAccessorImpl.invoke(DelegatingMethodAccessorImpl.java:43)
	at java.lang.reflect.Method.invoke(Method.java:498)
	at org.junit.runners.model.FrameworkMethod$1.runReflectiveCall(FrameworkMethod.java:50)
	at org.junit.internal.runners.model.ReflectiveCallable.run(ReflectiveCallable.java:12)
	at org.junit.runners.model.FrameworkMethod.invokeExplosively(FrameworkMethod.java:47)
	at org.junit.internal.runners.statements.RunBefores.evaluate(RunBefores.java:24)
	at org.junit.internal.runners.statements.RunAfters.evaluate(RunAfters.java:27)
	at org.junit.runners.ParentRunner.runLeaf(ParentRunner.java:325)
	at org.junit.runners.BlockJUnit4ClassRunner.runChild(BlockJUnit4ClassRunner.java:78)
	at org.junit.runners.BlockJUnit4ClassRunner.runChild(BlockJUnit4ClassRunner.java:57)
	at org.junit.runners.ParentRunner$3.run(ParentRunner.java:290)
	at org.junit.runners.ParentRunner$1.schedule(ParentRunner.java:71)
	at org.junit.runners.ParentRunner.runChildren(ParentRunner.java:288)
	at org.junit.runners.ParentRunner.access$000(ParentRunner.java:58)
	at org.junit.runners.ParentRunner$2.evaluate(ParentRunner.java:268)
	at org.junit.runners.ParentRunner.run(ParentRunner.java:363)
	at org.apache.maven.surefire.junit4.JUnit4Provider.execute(JUnit4Provider.java:252)
	at org.apache.maven.surefire.junit4.JUnit4Provider.executeTestSet(JUnit4Provider.java:141)
	at org.apache.maven.surefire.junit4.JUnit4Provider.invoke(JUnit4Provider.java:112)
	at sun.reflect.NativeMethodAccessorImpl.invoke0(Native Method)
	at sun.reflect.NativeMethodAccessorImpl.invoke(NativeMethodAccessorImpl.java:62)
	at sun.reflect.DelegatingMethodAccessorImpl.invoke(DelegatingMethodAccessorImpl.java:43)
	at java.lang.reflect.Method.invoke(Method.java:498)
	at org.apache.maven.surefire.util.ReflectionUtils.invokeMethodWithArray(ReflectionUtils.java:189)
	at org.apache.maven.surefire.booter.ProviderFactory$ProviderProxy.invoke(ProviderFactory.java:165)
	at org.apache.maven.surefire.booter.ProviderFactory.invokeProvider(ProviderFactory.java:85)
	at org.apache.maven.surefire.booter.ForkedBooter.runSuitesInProcess(ForkedBooter.java:115)
	at org.apache.maven.surefire.booter.ForkedBooter.main(ForkedBooter.java:75)
Caused by: org.hibernate.exception.JDBCConnectionException: Error calling Driver#connect
	at org.hibernate.engine.jdbc.connections.internal.BasicConnectionCreator$1$1.convert(BasicConnectionCreator.java:105)
	at org.hibernate.engine.jdbc.connections.internal.BasicConnectionCreator.convertSqlException(BasicConnectionCreator.java:123)
	at org.hibernate.engine.jdbc.connections.internal.DriverConnectionCreator.makeConnection(DriverConnectionCreator.java:41)
	at org.hibernate.engine.jdbc.connections.internal.BasicConnectionCreator.createConnection(BasicConnectionCreator.java:58)
	at org.hibernate.engine.jdbc.connections.internal.DriverManagerConnectionProviderImpl$PooledConnections.addConnections(DriverManagerConnectionProviderImpl.java:363)
	at org.hibernate.engine.jdbc.connections.internal.DriverManagerConnectionProviderImpl$PooledConnections.&lt;init&gt;(DriverManagerConnectionProviderImpl.java:282)
	at org.hibernate.engine.jdbc.connections.internal.DriverManagerConnectionProviderImpl$PooledConnections.&lt;init&gt;(DriverManagerConnectionProviderImpl.java:260)
	at org.hibernate.engine.jdbc.connections.internal.DriverManagerConnectionProviderImpl$PooledConnections$Builder.build(DriverManagerConnectionProviderImpl.java:401)
	at org.hibernate.engine.jdbc.connections.internal.DriverManagerConnectionProviderImpl.buildPool(DriverManagerConnectionProviderImpl.java:112)
	at org.hibernate.engine.jdbc.connections.internal.DriverManagerConnectionProviderImpl.configure(DriverManagerConnectionProviderImpl.java:75)
	at org.hibernate.boot.registry.internal.StandardServiceRegistryImpl.configureService(StandardServiceRegistryImpl.java:94)
	at org.hibernate.service.internal.AbstractServiceRegistryImpl.initializeService(AbstractServiceRegistryImpl.java:242)
	at org.hibernate.service.internal.AbstractServiceRegistryImpl.getService(AbstractServiceRegistryImpl.java:210)
	at org.hibernate.engine.jdbc.env.internal.JdbcEnvironmentInitiator.buildJdbcConnectionAccess(JdbcEnvironmentInitiator.java:145)
	at org.hibernate.engine.jdbc.env.internal.JdbcEnvironmentInitiator.initiateService(JdbcEnvironmentInitiator.java:66)
	at org.hibernate.engine.jdbc.env.internal.JdbcEnvironmentInitiator.initiateService(JdbcEnvironmentInitiator.java:35)
	at org.hibernate.boot.registry.internal.StandardServiceRegistryImpl.initiateService(StandardServiceRegistryImpl.java:88)
	at org.hibernate.service.internal.AbstractServiceRegistryImpl.createService(AbstractServiceRegistryImpl.java:259)
	... 44 more
Caused by: java.sql.SQLException: Access denied for user &apos;test3&apos;@&apos;localhost&apos; (using password: YES)
	at com.mysql.jdbc.SQLError.createSQLException(SQLError.java:1055)
	at com.mysql.jdbc.SQLError.createSQLException(SQLError.java:956)
	at com.mysql.jdbc.MysqlIO.checkErrorPacket(MysqlIO.java:3491)
	at com.mysql.jdbc.MysqlIO.checkErrorPacket(MysqlIO.java:3423)
	at com.mysql.jdbc.MysqlIO.checkErrorPacket(MysqlIO.java:910)
	at com.mysql.jdbc.MysqlIO.secureAuth411(MysqlIO.java:3923)
	at com.mysql.jdbc.MysqlIO.doHandshake(MysqlIO.java:1273)
	at com.mysql.jdbc.ConnectionImpl.createNewIO(ConnectionImpl.java:2031)
	at com.mysql.jdbc.ConnectionImpl.&lt;init&gt;(ConnectionImpl.java:718)
	at com.mysql.jdbc.JDBC4Connection.&lt;init&gt;(JDBC4Connection.java:46)
	at sun.reflect.NativeConstructorAccessorImpl.newInstance0(Native Method)
	at sun.reflect.NativeConstructorAccessorImpl.newInstance(NativeConstructorAccessorImpl.java:62)
	at sun.reflect.DelegatingConstructorAccessorImpl.newInstance(DelegatingConstructorAccessorImpl.java:45)
	at java.lang.reflect.Constructor.newInstance(Constructor.java:423)
	at com.mysql.jdbc.Util.handleNewInstance(Util.java:406)
	at com.mysql.jdbc.ConnectionImpl.getInstance(ConnectionImpl.java:302)
	at com.mysql.jdbc.NonRegisteringDriver.connect(NonRegisteringDriver.java:282)
	at org.hibernate.engine.jdbc.connections.internal.DriverConnectionCreator.makeConnection(DriverConnectionCreator.java:38)
	... 59 more
java.lang.NullPointerException
	at org.db.UserDBManager.insertUser(UserDBManager.java:261)
	at org.db.UserDBManagerTest.insert(UserDBManagerTest.java:140)
	at sun.reflect.NativeMethodAccessorImpl.invoke0(Native Method)
	at sun.reflect.NativeMethodAccessorImpl.invoke(NativeMethodAccessorImpl.java:62)
	at sun.reflect.DelegatingMethodAccessorImpl.invoke(DelegatingMethodAccessorImpl.java:43)
	at java.lang.reflect.Method.invoke(Method.java:498)
	at org.junit.runners.model.FrameworkMethod$1.runReflectiveCall(FrameworkMethod.java:50)
	at org.junit.internal.runners.model.ReflectiveCallable.run(ReflectiveCallable.java:12)
	at org.junit.runners.model.FrameworkMethod.invokeExplosively(FrameworkMethod.java:47)
	at org.junit.internal.runners.statements.RunBefores.evaluate(RunBefores.java:24)
	at org.junit.internal.runners.statements.RunAfters.evaluate(RunAfters.java:27)
	at org.junit.runners.ParentRunner.runLeaf(ParentRunner.java:325)
	at org.junit.runners.BlockJUnit4ClassRunner.runChild(BlockJUnit4ClassRunner.java:78)
	at org.junit.runners.BlockJUnit4ClassRunner.runChild(BlockJUnit4ClassRunner.java:57)
	at org.junit.runners.ParentRunner$3.run(ParentRunner.java:290)
	at org.junit.runners.ParentRunner$1.schedule(ParentRunner.java:71)
	at org.junit.runners.ParentRunner.runChildren(ParentRunner.java:288)
	at org.junit.runners.ParentRunner.access$000(ParentRunner.java:58)
	at org.junit.runners.ParentRunner$2.evaluate(ParentRunner.java:268)
	at org.junit.runners.ParentRunner.run(ParentRunner.java:363)
	at org.apache.maven.surefire.junit4.JUnit4Provider.execute(JUnit4Provider.java:252)
	at org.apache.maven.surefire.junit4.JUnit4Provider.executeTestSet(JUnit4Provider.java:141)
	at org.apache.maven.surefire.junit4.JUnit4Provider.invoke(JUnit4Provider.java:112)
	at sun.reflect.NativeMethodAccessorImpl.invoke0(Native Method)
	at sun.reflect.NativeMethodAccessorImpl.invoke(NativeMethodAccessorImpl.java:62)
	at sun.reflect.DelegatingMethodAccessorImpl.invoke(DelegatingMethodAccessorImpl.java:43)
	at java.lang.reflect.Method.invoke(Method.java:498)
	at org.apache.maven.surefire.util.ReflectionUtils.invokeMethodWithArray(ReflectionUtils.java:189)
	at org.apache.maven.surefire.booter.ProviderFactory$ProviderProxy.invoke(ProviderFactory.java:165)
	at org.apache.maven.surefire.booter.ProviderFactory.invokeProvider(ProviderFactory.java:85)
	at org.apache.maven.surefire.booter.ForkedBooter.runSuitesInProcess(ForkedBooter.java:115)
	at org.apache.maven.surefire.booter.ForkedBooter.main(ForkedBooter.java:75)
java.sql.SQLException: Access denied for user &apos;test3&apos;@&apos;localhost&apos; (using password: YES)
	at com.mysql.jdbc.SQLError.createSQLException(SQLError.java:1055)
	at com.mysql.jdbc.SQLError.createSQLException(SQLError.java:956)
	at com.mysql.jdbc.MysqlIO.checkErrorPacket(MysqlIO.java:3491)
	at com.mysql.jdbc.MysqlIO.checkErrorPacket(MysqlIO.java:3423)
	at com.mysql.jdbc.MysqlIO.checkErrorPacket(MysqlIO.java:910)
	at com.mysql.jdbc.MysqlIO.secureAuth411(MysqlIO.java:3923)
	at com.mysql.jdbc.MysqlIO.doHandshake(MysqlIO.java:1273)
	at com.mysql.jdbc.ConnectionImpl.createNewIO(ConnectionImpl.java:2031)
	at com.mysql.jdbc.ConnectionImpl.&lt;init&gt;(ConnectionImpl.java:718)
	at com.mysql.jdbc.JDBC4Connection.&lt;init&gt;(JDBC4Connection.java:46)
	at sun.reflect.NativeConstructorAccessorImpl.newInstance0(Native Method)
	at sun.reflect.NativeConstructorAccessorImpl.newInstance(NativeConstructorAccessorImpl.java:62)
	at sun.reflect.DelegatingConstructorAccessorImpl.newInstance(DelegatingConstructorAccessorImpl.java:45)
	at java.lang.reflect.Constructor.newInstance(Constructor.java:423)
	at com.mysql.jdbc.Util.handleNewInstance(Util.java:406)
	at com.mysql.jdbc.ConnectionImpl.getInstance(ConnectionImpl.java:302)
	at com.mysql.jdbc.NonRegisteringDriver.connect(NonRegisteringDriver.java:282)
	at java.sql.DriverManager.getConnection(DriverManager.java:664)
	at java.sql.DriverManager.getConnection(DriverManager.java:247)
	at org.db.UserDBManager.openConnection(UserDBManager.java:35)
	at org.db.UserDBManager.getUsers(UserDBManager.java:53)
	at org.db.UserDBManagerTest.test1(UserDBManagerTest.java:27)
	at sun.reflect.NativeMethodAccessorImpl.invoke0(Native Method)
	at sun.reflect.NativeMethodAccessorImpl.invoke(NativeMethodAccessorImpl.java:62)
	at sun.reflect.DelegatingMethodAccessorImpl.invoke(DelegatingMethodAccessorImpl.java:43)
	at java.lang.reflect.Method.invoke(Method.java:498)
	at org.junit.runners.model.FrameworkMethod$1.runReflectiveCall(FrameworkMethod.java:50)
	at org.junit.internal.runners.model.ReflectiveCallable.run(ReflectiveCallable.java:12)
	at org.junit.runners.model.FrameworkMethod.invokeExplosively(FrameworkMethod.java:47)
	at org.junit.internal.runners.statements.InvokeMethod.evaluate(InvokeMethod.java:17)
	at org.junit.internal.runners.statements.RunBefores.evaluate(RunBefores.java:26)
	at org.junit.internal.runners.statements.RunAfters.evaluate(RunAfters.java:27)
	at org.junit.runners.ParentRunner.runLeaf(ParentRunner.java:325)
	at org.junit.runners.BlockJUnit4ClassRunner.runChild(BlockJUnit4ClassRunner.java:78)
	at org.junit.runners.BlockJUnit4ClassRunner.runChild(BlockJUnit4ClassRunner.java:57)
	at org.junit.runners.ParentRunner$3.run(ParentRunner.java:290)
	at org.junit.runners.ParentRunner$1.schedule(ParentRunner.java:71)
	at org.junit.runners.ParentRunner.runChildren(ParentRunner.java:288)
	at org.junit.runners.ParentRunner.access$000(ParentRunner.java:58)
	at org.junit.runners.ParentRunner$2.evaluate(ParentRunner.java:268)
	at org.junit.runners.ParentRunner.run(ParentRunner.java:363)
	at org.apache.maven.surefire.junit4.JUnit4Provider.execute(JUnit4Provider.java:252)
	at org.apache.maven.surefire.junit4.JUnit4Provider.executeTestSet(JUnit4Provider.java:141)
	at org.apache.maven.surefire.junit4.JUnit4Provider.invoke(JUnit4Provider.java:112)
	at sun.reflect.NativeMethodAccessorImpl.invoke0(Native Method)
	at sun.reflect.NativeMethodAccessorImpl.invoke(NativeMethodAccessorImpl.java:62)
	at sun.reflect.DelegatingMethodAccessorImpl.invoke(DelegatingMethodAccessorImpl.java:43)
	at java.lang.reflect.Method.invoke(Method.java:498)
	at org.apache.maven.surefire.util.ReflectionUtils.invokeMethodWithArray(ReflectionUtils.java:189)
	at org.apache.maven.surefire.booter.ProviderFactory$ProviderProxy.invoke(ProviderFactory.java:165)
	at org.apache.maven.surefire.booter.ProviderFactory.invokeProvider(ProviderFactory.java:85)
	at org.apache.maven.surefire.booter.ForkedBooter.runSuitesInProcess(ForkedBooter.java:115)
	at org.apache.maven.surefire.booter.ForkedBooter.main(ForkedBooter.java:75)
java.sql.SQLException: Access denied for user &apos;test3&apos;@&apos;localhost&apos; (using password: YES)
	at com.mysql.jdbc.SQLError.createSQLException(SQLError.java:1055)
	at com.mysql.jdbc.SQLError.createSQLException(SQLError.java:956)
	at com.mysql.jdbc.MysqlIO.checkErrorPacket(MysqlIO.java:3491)
	at com.mysql.jdbc.MysqlIO.checkErrorPacket(MysqlIO.java:3423)
	at com.mysql.jdbc.MysqlIO.checkErrorPacket(MysqlIO.java:910)
	at com.mysql.jdbc.MysqlIO.secureAuth411(MysqlIO.java:3923)
	at com.mysql.jdbc.MysqlIO.doHandshake(MysqlIO.java:1273)
	at com.mysql.jdbc.ConnectionImpl.createNewIO(ConnectionImpl.java:2031)
	at com.mysql.jdbc.ConnectionImpl.&lt;init&gt;(ConnectionImpl.java:718)
	at com.mysql.jdbc.JDBC4Connection.&lt;init&gt;(JDBC4Connection.java:46)
	at sun.reflect.NativeConstructorAccessorImpl.newInstance0(Native Method)
	at sun.reflect.NativeConstructorAccessorImpl.newInstance(NativeConstructorAccessorImpl.java:62)
	at sun.reflect.DelegatingConstructorAccessorImpl.newInstance(DelegatingConstructorAccessorImpl.java:45)
	at java.lang.reflect.Constructor.newInstance(Constructor.java:423)
	at com.mysql.jdbc.Util.handleNewInstance(Util.java:406)
	at com.mysql.jdbc.ConnectionImpl.getInstance(ConnectionImpl.java:302)
	at com.mysql.jdbc.NonRegisteringDriver.connect(NonRegisteringDriver.java:282)
	at java.sql.DriverManager.getConnection(DriverManager.java:664)
	at java.sql.DriverManager.getConnection(DriverManager.java:247)
	at org.db.UserDBManager.openConnection(UserDBManager.java:35)
	at org.db.UserDBManager.deleteAll(UserDBManager.java:309)
	at org.db.UserDBManagerTest.cleanUsersDB(UserDBManagerTest.java:150)
	at sun.reflect.NativeMethodAccessorImpl.invoke0(Native Method)
	at sun.reflect.NativeMethodAccessorImpl.invoke(NativeMethodAccessorImpl.java:62)
	at sun.reflect.DelegatingMethodAccessorImpl.invoke(DelegatingMethodAccessorImpl.java:43)
	at java.lang.reflect.Method.invoke(Method.java:498)
	at org.junit.runners.model.FrameworkMethod$1.runReflectiveCall(FrameworkMethod.java:50)
	at org.junit.internal.runners.model.ReflectiveCallable.run(ReflectiveCallable.java:12)
	at org.junit.runners.model.FrameworkMethod.invokeExplosively(FrameworkMethod.java:47)
	at org.junit.internal.runners.statements.RunAfters.evaluate(RunAfters.java:33)
	at org.junit.runners.ParentRunner.runLeaf(ParentRunner.java:325)
	at org.junit.runners.BlockJUnit4ClassRunner.runChild(BlockJUnit4ClassRunner.java:78)
	at org.junit.runners.BlockJUnit4ClassRunner.runChild(BlockJUnit4ClassRunner.java:57)
	at org.junit.runners.ParentRunner$3.run(ParentRunner.java:290)
	at org.junit.runners.ParentRunner$1.schedule(ParentRunner.java:71)
	at org.junit.runners.ParentRunner.runChildren(ParentRunner.java:288)
	at org.junit.runners.ParentRunner.access$000(ParentRunner.java:58)
	at org.junit.runners.ParentRunner$2.evaluate(ParentRunner.java:268)
	at org.junit.runners.ParentRunner.run(ParentRunner.java:363)
	at org.apache.maven.surefire.junit4.JUnit4Provider.execute(JUnit4Provider.java:252)
	at org.apache.maven.surefire.junit4.JUnit4Provider.executeTestSet(JUnit4Provider.java:141)
	at org.apache.maven.surefire.junit4.JUnit4Provider.invoke(JUnit4Provider.java:112)
	at sun.reflect.NativeMethodAccessorImpl.invoke0(Native Method)
	at sun.reflect.NativeMethodAccessorImpl.invoke(NativeMethodAccessorImpl.java:62)
	at sun.reflect.DelegatingMethodAccessorImpl.invoke(DelegatingMethodAccessorImpl.java:43)
	at java.lang.reflect.Method.invoke(Method.java:498)
	at org.apache.maven.surefire.util.ReflectionUtils.invokeMethodWithArray(ReflectionUtils.java:189)
	at org.apache.maven.surefire.booter.ProviderFactory$ProviderProxy.invoke(ProviderFactory.java:165)
	at org.apache.maven.surefire.booter.ProviderFactory.invokeProvider(ProviderFactory.java:85)
	at org.apache.maven.surefire.booter.ForkedBooter.runSuitesInProcess(ForkedBooter.java:115)
	at org.apache.maven.surefire.booter.ForkedBooter.main(ForkedBooter.java:75)
</system-err>
  </testcase>
  <testcase classname="org.db.UserDBManagerTest" name="test2" time="0.221">
    <failure type="java.lang.AssertionError">java.lang.AssertionError
	at org.junit.Assert.fail(Assert.java:86)
	at org.junit.Assert.assertTrue(Assert.java:41)
	at org.junit.Assert.assertTrue(Assert.java:52)
	at org.db.UserDBManagerTest.test2(UserDBManagerTest.java:39)
	at sun.reflect.NativeMethodAccessorImpl.invoke0(Native Method)
	at sun.reflect.NativeMethodAccessorImpl.invoke(NativeMethodAccessorImpl.java:62)
	at sun.reflect.DelegatingMethodAccessorImpl.invoke(DelegatingMethodAccessorImpl.java:43)
	at java.lang.reflect.Method.invoke(Method.java:498)
	at org.junit.runners.model.FrameworkMethod$1.runReflectiveCall(FrameworkMethod.java:50)
[...]
2018-02-20 16:37:17 WARN  ConnectionProviderInitiator:219 - HHH000022: c3p0 properties were encountered, but the c3p0 provider class was not found on the classpath; these properties are going to be ignored.
2018-02-20 16:37:17 WARN  pooling:73 - HHH10001002: Using Hibernate built-in connection pool (not for production use!)
2018-02-20 16:37:17 INFO  pooling:129 - HHH10001005: using driver [com.mysql.jdbc.Driver] at URL [jdbc:mysql://localhost:3306/testDB]
2018-02-20 16:37:17 INFO  pooling:135 - HHH10001001: Connection properties: {user=test3, password=test3}
2018-02-20 16:37:17 INFO  pooling:143 - HHH10001003: Autocommit mode: false
2018-02-20 16:37:17 DEBUG DriverManagerConnectionProviderImpl:384 - Initializing Connection pool with 1 Connections
2018-02-20 16:37:17 INFO  DriverManagerConnectionProviderImpl:281 - HHH000115: Hibernate connection pool size: 20 (min=1)
2018-02-20 16:37:17 INFO  AbstractServiceRegistryImpl:388 - HHH000369: Error stopping service [class org.hibernate.engine.jdbc.connections.internal.DriverManagerConnectionProviderImpl] : java.lang.NullPointerException
2018-02-20 16:37:17 DEBUG BootstrapServiceRegistryImpl:295 - Implicitly destroying Boot-strap registry on de-registration of all child ServiceRegistries
#########
TEST UPDATE EMAIL
#########
email: prova1@prova.it
Access denied for user &apos;test3&apos;@&apos;localhost&apos; (using password: YES)
Access denied for user &apos;test3&apos;@&apos;localhost&apos; (using password: YES)
Database cleaned.... deleted rows number: 0
</system-out>
    <system-err>org.hibernate.service.spi.ServiceException: Unable to create requested service [org.hibernate.engine.jdbc.env.spi.JdbcEnvironment]
	at org.hibernate.service.internal.AbstractServiceRegistryImpl.createService(AbstractServiceRegistryImpl.java:271)
	at org.hibernate.service.internal.AbstractServiceRegistryImpl.initializeService(AbstractServiceRegistryImpl.java:233)
	at org.hibernate.service.internal.AbstractServiceRegistryImpl.getService(AbstractServiceRegistryImpl.java:210)
	at org.hibernate.engine.jdbc.internal.JdbcServicesImpl.configure(JdbcServicesImpl.java:51)
	at org.hibernate.boot.registry.internal.StandardServiceRegistryImpl.configureService(StandardServiceRegistryImpl.java:94)
	at org.hibernate.service.internal.AbstractServiceRegistryImpl.initializeService(AbstractServiceRegistryImpl.java:242)
	at org.hibernate.service.internal.AbstractServiceRegistryImpl.getService(AbstractServiceRegistryImpl.java:210)
	at org.hibernate.boot.model.process.spi.MetadataBuildingProcess.handleTypes(MetadataBuildingProcess.java:352)
	at org.hibernate.boot.model.process.spi.MetadataBuildingProcess.complete(MetadataBuildingProcess.java:111)
	at org.hibernate.boot.model.process.spi.MetadataBuildingProcess.build(MetadataBuildingProcess.java:83)
	at org.hibernate.boot.internal.MetadataBuilderImpl.build(MetadataBuilderImpl.java:418)
	at org.hibernate.boot.internal.MetadataBuilderImpl.build(MetadataBuilderImpl.java:87)
	at org.db.DBManager.getSessionFactory(DBManager.java:72)
	at org.db.UserDBManager.insertUser(UserDBManager.java:261)
	at org.db.UserDBManagerTest.insert(UserDBManagerTest.java:140)
	at sun.reflect.NativeMethodAccessorImpl.invoke0(Native Method)
	at sun.reflect.NativeMethodAccessorImpl.invoke(NativeMethodAccessorImpl.java:62)
	at sun.reflect.DelegatingMethodAccessorImpl.invoke(DelegatingMethodAccessorImpl.java:43)
	at java.lang.reflect.Method.invoke(Method.java:498)
	at org.junit.runners.model.FrameworkMethod$1.runReflectiveCall(FrameworkMethod.java:50)
	at org.junit.internal.runners.model.ReflectiveCallable.run(ReflectiveCallable.java:12)
	at org.junit.runners.model.FrameworkMethod.invokeExplosively(FrameworkMethod.java:47)
	at org.junit.internal.runners.statements.RunBefores.evaluate(RunBefores.java:24)
	at org.junit.internal.runners.statements.RunAfters.evaluate(RunAfters.java:27)
	at org.junit.runners.ParentRunner.runLeaf(ParentRunner.java:325)
	at org.junit.runners.BlockJUnit4ClassRunner.runChild(BlockJUnit4ClassRunner.java:78)
	at org.junit.runners.BlockJUnit4ClassRunner.runChild(BlockJUnit4ClassRunner.java:57)
	at org.junit.runners.ParentRunner$3.run(ParentRunner.java:290)
	at org.junit.runners.ParentRunner$1.schedule(ParentRunner.java:71)
	at org.junit.runners.ParentRunner.runChildren(ParentRunner.java:288)
	at org.junit.runners.ParentRunner.access$000(ParentRunner.java:58)
	at org.junit.runners.ParentRunner$2.evaluate(ParentRunner.java:268)
	at org.junit.runners.ParentRunner.run(ParentRunner.java:363)
	at org.apache.maven.surefire.junit4.JUnit4Provider.execute(JUnit4Provider.java:252)
	at org.apache.maven.surefire.junit4.JUnit4Provider.executeTestSet(JUnit4Provider.java:141)
	at org.apache.maven.surefire.junit4.JUnit4Provider.invoke(JUnit4Provider.java:112)
	at sun.reflect.NativeMethodAccessorImpl.invoke0(Native Method)
	at sun.reflect.NativeMethodAccessorImpl.invoke(NativeMethodAccessorImpl.java:62)
	at sun.reflect.DelegatingMethodAccessorImpl.invoke(DelegatingMethodAccessorImpl.java:43)
	at java.lang.reflect.Method.invoke(Method.java:498)
	at org.apache.maven.surefire.util.ReflectionUtils.invokeMethodWithArray(ReflectionUtils.java:189)
	at org.apache.maven.surefire.booter.ProviderFactory$ProviderProxy.invoke(ProviderFactory.java:165)
	at org.apache.maven.surefire.booter.ProviderFactory.invokeProvider(ProviderFactory.java:85)
	at org.apache.maven.surefire.booter.ForkedBooter.runSuitesInProcess(ForkedBooter.java:115)
	at org.apache.maven.surefire.booter.ForkedBooter.main(ForkedBooter.java:75)
Caused by: org.hibernate.exception.JDBCConnectionException: Error calling Driver#connect
	at org.hibernate.engine.jdbc.connections.internal.BasicConnectionCreator$1$1.convert(BasicConnectionCreator.java:105)
	at org.hibernate.engine.jdbc.connections.internal.BasicConnectionCreator.convertSqlException(BasicConnectionCreator.java:123)
	at org.hibernate.engine.jdbc.connections.internal.DriverConnectionCreator.makeConnection(DriverConnectionCreator.java:41)
	at org.hibernate.engine.jdbc.connections.internal.BasicConnectionCreator.createConnection(BasicConnectionCreator.java:58)
	at org.hibernate.engine.jdbc.connections.internal.DriverManagerConnectionProviderImpl$PooledConnections.addConnections(DriverManagerConnectionProviderImpl.java:363)
	at org.hibernate.engine.jdbc.connections.internal.DriverManagerConnectionProviderImpl$PooledConnections.&lt;init&gt;(DriverManagerConnectionProviderImpl.java:282)
	at org.hibernate.engine.jdbc.connections.internal.DriverManagerConnectionProviderImpl$PooledConnections.&lt;init&gt;(DriverManagerConnectionProviderImpl.java:260)
	at org.hibernate.engine.jdbc.connections.internal.DriverManagerConnectionProviderImpl$PooledConnections$Builder.build(DriverManagerConnectionProviderImpl.java:401)
	at org.hibernate.engine.jdbc.connections.internal.DriverManagerConnectionProviderImpl.buildPool(DriverManagerConnectionProviderImpl.java:112)
	at org.hibernate.engine.jdbc.connections.internal.DriverManagerConnectionProviderImpl.configure(DriverManagerConnectionProviderImpl.java:75)
	at org.hibernate.boot.registry.internal.StandardServiceRegistryImpl.configureService(StandardServiceRegistryImpl.java:94)
	at org.hibernate.service.internal.AbstractServiceRegistryImpl.initializeService(AbstractServiceRegistryImpl.java:242)
	at org.hibernate.service.internal.AbstractServiceRegistryImpl.getService(AbstractServiceRegistryImpl.java:210)
	at org.hibernate.engine.jdbc.env.internal.JdbcEnvironmentInitiator.buildJdbcConnectionAccess(JdbcEnvironmentInitiator.java:145)
	at org.hibernate.engine.jdbc.env.internal.JdbcEnvironmentInitiator.initiateService(JdbcEnvironmentInitiator.java:66)
	at org.hibernate.engine.jdbc.env.internal.JdbcEnvironmentInitiator.initiateService(JdbcEnvironmentInitiator.java:35)
	at org.hibernate.boot.registry.internal.StandardServiceRegistryImpl.initiateService(StandardServiceRegistryImpl.java:88)
	at org.hibernate.service.internal.AbstractServiceRegistryImpl.createService(AbstractServiceRegistryImpl.java:259)
	... 44 more
Caused by: java.sql.SQLException: Access denied for user &apos;test3&apos;@&apos;localhost&apos; (using password: YES)
	at com.mysql.jdbc.SQLError.createSQLException(SQLError.java:1055)
	at com.mysql.jdbc.SQLError.createSQLException(SQLError.java:956)
	at com.mysql.jdbc.MysqlIO.checkErrorPacket(MysqlIO.java:3491)
	at com.mysql.jdbc.MysqlIO.checkErrorPacket(MysqlIO.java:3423)
	at com.mysql.jdbc.MysqlIO.checkErrorPacket(MysqlIO.java:910)
	at com.mysql.jdbc.MysqlIO.secureAuth411(MysqlIO.java:3923)
	at com.mysql.jdbc.MysqlIO.doHandshake(MysqlIO.java:1273)
	at com.mysql.jdbc.ConnectionImpl.createNewIO(ConnectionImpl.java:2031)
	at com.mysql.jdbc.ConnectionImpl.&lt;init&gt;(ConnectionImpl.java:718)
	at com.mysql.jdbc.JDBC4Connection.&lt;init&gt;(JDBC4Connection.java:46)
	at sun.reflect.GeneratedConstructorAccessor9.newInstance(Unknown Source)
	at sun.reflect.DelegatingConstructorAccessorImpl.newInstance(DelegatingConstructorAccessorImpl.java:45)
	at java.lang.reflect.Constructor.newInstance(Constructor.java:423)
	at com.mysql.jdbc.Util.handleNewInstance(Util.java:406)
	at com.mysql.jdbc.ConnectionImpl.getInstance(ConnectionImpl.java:302)
	at com.mysql.jdbc.NonRegisteringDriver.connect(NonRegisteringDriver.java:282)
	at org.hibernate.engine.jdbc.connections.internal.DriverConnectionCreator.makeConnection(DriverConnectionCreator.java:38)
	... 59 more
java.lang.NullPointerException
	at org.db.UserDBManager.insertUser(UserDBManager.java:261)
	at org.db.UserDBManagerTest.insert(UserDBManagerTest.java:140)
	at sun.reflect.NativeMethodAccessorImpl.invoke0(Native Method)
	at sun.reflect.NativeMethodAccessorImpl.invoke(NativeMethodAccessorImpl.java:62)
	at sun.reflect.DelegatingMethodAccessorImpl.invoke(DelegatingMethodAccessorImpl.java:43)
	at java.lang.reflect.Method.invoke(Method.java:498)
	at org.junit.runners.model.FrameworkMethod$1.runReflectiveCall(FrameworkMethod.java:50)
	at org.junit.internal.runners.model.ReflectiveCallable.run(ReflectiveCallable.java:12)
	at org.junit.runners.model.FrameworkMethod.invokeExplosively(FrameworkMethod.java:47)
	at org.junit.internal.runners.statements.RunBefores.evaluate(RunBefores.java:24)
	at org.junit.internal.runners.statements.RunAfters.evaluate(RunAfters.java:27)
	at org.junit.runners.ParentRunner.runLeaf(ParentRunner.java:325)
	at org.junit.runners.BlockJUnit4ClassRunner.runChild(BlockJUnit4ClassRunner.java:78)
	at org.junit.runners.BlockJUnit4ClassRunner.runChild(BlockJUnit4ClassRunner.java:57)
	at org.junit.runners.ParentRunner$3.run(ParentRunner.java:290)
	at org.junit.runners.ParentRunner$1.schedule(ParentRunner.java:71)
	at org.junit.runners.ParentRunner.runChildren(ParentRunner.java:288)
	at org.junit.runners.ParentRunner.access$000(ParentRunner.java:58)
	at org.junit.runners.ParentRunner$2.evaluate(ParentRunner.java:268)
	at org.junit.runners.ParentRunner.run(ParentRunner.java:363)
	at org.apache.maven.surefire.junit4.JUnit4Provider.execute(JUnit4Provider.java:252)
	at org.apache.maven.surefire.junit4.JUnit4Provider.executeTestSet(JUnit4Provider.java:141)
	at org.apache.maven.surefire.junit4.JUnit4Provider.invoke(JUnit4Provider.java:112)
	at sun.reflect.NativeMethodAccessorImpl.invoke0(Native Method)
	at sun.reflect.NativeMethodAccessorImpl.invoke(NativeMethodAccessorImpl.java:62)
	at sun.reflect.DelegatingMethodAccessorImpl.invoke(DelegatingMethodAccessorImpl.java:43)
	at java.lang.reflect.Method.invoke(Method.java:498)
	at org.apache.maven.surefire.util.ReflectionUtils.invokeMethodWithArray(ReflectionUtils.java:189)
	at org.apache.maven.surefire.booter.ProviderFactory$ProviderProxy.invoke(ProviderFactory.java:165)
	at org.apache.maven.surefire.booter.ProviderFactory.invokeProvider(ProviderFactory.java:85)
	at org.apache.maven.surefire.booter.ForkedBooter.runSuitesInProcess(ForkedBooter.java:115)
	at org.apache.maven.surefire.booter.ForkedBooter.main(ForkedBooter.java:75)
java.sql.SQLException: Access denied for user &apos;test3&apos;@&apos;localhost&apos; (using password: YES)
	at com.mysql.jdbc.SQLError.createSQLException(SQLError.java:1055)
	at com.mysql.jdbc.SQLError.createSQLException(SQLError.java:956)
	at com.mysql.jdbc.MysqlIO.checkErrorPacket(MysqlIO.java:3491)
	at com.mysql.jdbc.MysqlIO.checkErrorPacket(MysqlIO.java:3423)
	at com.mysql.jdbc.MysqlIO.checkErrorPacket(MysqlIO.java:910)
	at com.mysql.jdbc.MysqlIO.secureAuth411(MysqlIO.java:3923)
	at com.mysql.jdbc.MysqlIO.doHandshake(MysqlIO.java:1273)
	at com.mysql.jdbc.ConnectionImpl.createNewIO(ConnectionImpl.java:2031)
	at com.mysql.jdbc.ConnectionImpl.&lt;init&gt;(ConnectionImpl.java:718)
	at com.mysql.jdbc.JDBC4Connection.&lt;init&gt;(JDBC4Connection.java:46)
	at sun.reflect.GeneratedConstructorAccessor9.newInstance(Unknown Source)
	at sun.reflect.DelegatingConstructorAccessorImpl.newInstance(DelegatingConstructorAccessorImpl.java:45)
	at java.lang.reflect.Constructor.newInstance(Constructor.java:423)
	at com.mysql.jdbc.Util.handleNewInstance(Util.java:406)
	at com.mysql.jdbc.ConnectionImpl.getInstance(ConnectionImpl.java:302)
	at com.mysql.jdbc.NonRegisteringDriver.connect(NonRegisteringDriver.java:282)
	at java.sql.DriverManager.getConnection(DriverManager.java:664)
	at java.sql.DriverManager.getConnection(DriverManager.java:247)
	at org.db.UserDBManager.openConnection(UserDBManager.java:35)
	at org.db.UserDBManager.getUserByEmail(UserDBManager.java:91)
	at org.db.UserDBManagerTest.test4_updatePasswordByEmail(UserDBManagerTest.java:68)
	at sun.reflect.NativeMethodAccessorImpl.invoke0(Native Method)
	at sun.reflect.NativeMethodAccessorImpl.invoke(NativeMethodAccessorImpl.java:62)
	at sun.reflect.DelegatingMethodAccessorImpl.invoke(DelegatingMethodAccessorImpl.java:43)
	at java.lang.reflect.Method.invoke(Method.java:498)
	at org.junit.runners.model.FrameworkMethod$1.runReflectiveCall(FrameworkMethod.java:50)
	at org.junit.internal.runners.model.ReflectiveCallable.run(ReflectiveCallable.java:12)
	at org.junit.runners.model.FrameworkMethod.invokeExplosively(FrameworkMethod.java:47)
	at org.junit.internal.runners.statements.InvokeMethod.evaluate(InvokeMethod.java:17)
	at org.junit.internal.runners.statements.RunBefores.evaluate(RunBefores.java:26)
	at org.junit.internal.runners.statements.RunAfters.evaluate(RunAfters.java:27)
	at org.junit.runners.ParentRunner.runLeaf(ParentRunner.java:325)
	at org.junit.runners.BlockJUnit4ClassRunner.runChild(BlockJUnit4ClassRunner.java:78)
	at org.junit.runners.BlockJUnit4ClassRunner.runChild(BlockJUnit4ClassRunner.java:57)
	at org.junit.runners.ParentRunner$3.run(ParentRunner.java:290)
	at org.junit.runners.ParentRunner$1.schedule(ParentRunner.java:71)
	at org.junit.runners.ParentRunner.runChildren(ParentRunner.java:288)
	at org.junit.runners.ParentRunner.access$000(ParentRunner.java:58)
	at org.junit.runners.ParentRunner$2.evaluate(ParentRunner.java:268)
	at org.junit.runners.ParentRunner.run(ParentRunner.java:363)
	at org.apache.maven.surefire.junit4.JUnit4Provider.execute(JUnit4Provider.java:252)
	at org.apache.maven.surefire.junit4.JUnit4Provider.executeTestSet(JUnit4Provider.java:141)
	at org.apache.maven.surefire.junit4.JUnit4Provider.invoke(JUnit4Provider.java:112)
	at sun.reflect.NativeMethodAccessorImpl.invoke0(Native Method)
	at sun.reflect.NativeMethodAccessorImpl.invoke(NativeMethodAccessorImpl.java:62)
	at sun.reflect.DelegatingMethodAccessorImpl.invoke(DelegatingMethodAccessorImpl.java:43)
	at java.lang.reflect.Method.invoke(Method.java:498)
	at org.apache.maven.surefire.util.ReflectionUtils.invokeMethodWithArray(ReflectionUtils.java:189)
	at org.apache.maven.surefire.booter.ProviderFactory$ProviderProxy.invoke(ProviderFactory.java:165)
	at org.apache.maven.surefire.booter.ProviderFactory.invokeProvider(ProviderFactory.java:85)
	at org.apache.maven.surefire.booter.ForkedBooter.runSuitesInProcess(ForkedBooter.java:115)
	at org.apache.maven.surefire.booter.ForkedBooter.main(ForkedBooter.java:75)
java.sql.SQLException: Access denied for user &apos;test3&apos;@&apos;localhost&apos; (using password: YES)
	at com.mysql.jdbc.SQLError.createSQLException(SQLError.java:1055)
	at com.mysql.jdbc.SQLError.createSQLException(SQLError.java:956)
	at com.mysql.jdbc.MysqlIO.checkErrorPacket(MysqlIO.java:3491)
	at com.mysql.jdbc.MysqlIO.checkErrorPacket(MysqlIO.java:3423)
	at com.mysql.jdbc.MysqlIO.checkErrorPacket(MysqlIO.java:910)
	at com.mysql.jdbc.MysqlIO.secureAuth411(MysqlIO.java:3923)
	at com.mysql.jdbc.MysqlIO.doHandshake(MysqlIO.java:1273)
	at com.mysql.jdbc.ConnectionImpl.createNewIO(ConnectionImpl.java:2031)
	at com.mysql.jdbc.ConnectionImpl.&lt;init&gt;(ConnectionImpl.java:718)
	at com.mysql.jdbc.JDBC4Connection.&lt;init&gt;(JDBC4Connection.java:46)
	at sun.reflect.GeneratedConstructorAccessor9.newInstance(Unknown Source)
	at sun.reflect.DelegatingConstructorAccessorImpl.newInstance(DelegatingConstructorAccessorImpl.java:45)
	at java.lang.reflect.Constructor.newInstance(Constructor.java:423)
	at com.mysql.jdbc.Util.handleNewInstance(Util.java:406)
	at com.mysql.jdbc.ConnectionImpl.getInstance(ConnectionImpl.java:302)
	at com.mysql.jdbc.NonRegisteringDriver.connect(NonRegisteringDriver.java:282)
	at java.sql.DriverManager.getConnection(DriverManager.java:664)
	at java.sql.DriverManager.getConnection(DriverManager.java:247)
	at org.db.UserDBManager.openConnection(UserDBManager.java:35)
	at org.db.UserDBManager.deleteAll(UserDBManager.java:309)
	at org.db.UserDBManagerTest.cleanUsersDB(UserDBManagerTest.java:150)
	at sun.reflect.NativeMethodAccessorImpl.invoke0(Native Method)
	at sun.reflect.NativeMethodAccessorImpl.invoke(NativeMethodAccessorImpl.java:62)
	at sun.reflect.DelegatingMethodAccessorImpl.invoke(DelegatingMethodAccessorImpl.java:43)
	at java.lang.reflect.Method.invoke(Method.java:498)
	at org.junit.runners.model.FrameworkMethod$1.runReflectiveCall(FrameworkMethod.java:50)
	at org.junit.internal.runners.model.ReflectiveCallable.run(ReflectiveCallable.java:12)
	at org.junit.runners.model.FrameworkMethod.invokeExplosively(FrameworkMethod.java:47)
	at org.junit.internal.runners.statements.RunAfters.evaluate(RunAfters.java:33)
	at org.junit.runners.ParentRunner.runLeaf(ParentRunner.java:325)
	at org.junit.runners.BlockJUnit4ClassRunner.runChild(BlockJUnit4ClassRunner.java:78)
	at org.junit.runners.BlockJUnit4ClassRunner.runChild(BlockJUnit4ClassRunner.java:57)
	at org.junit.runners.ParentRunner$3.run(ParentRunner.java:290)
	at org.junit.runners.ParentRunner$1.schedule(ParentRunner.java:71)
	at org.junit.runners.ParentRunner.runChildren(ParentRunner.java:288)
	at org.junit.runners.ParentRunner.access$000(ParentRunner.java:58)
	at org.junit.runners.ParentRunner$2.evaluate(ParentRunner.java:268)
	at org.junit.runners.ParentRunner.run(ParentRunner.java:363)
	at org.apache.maven.surefire.junit4.JUnit4Provider.execute(JUnit4Provider.java:252)
	at org.apache.maven.surefire.junit4.JUnit4Provider.executeTestSet(JUnit4Provider.java:141)
	at org.apache.maven.surefire.junit4.JUnit4Provider.invoke(JUnit4Provider.java:112)
	at sun.reflect.NativeMethodAccessorImpl.invoke0(Native Method)
	at sun.reflect.NativeMethodAccessorImpl.invoke(NativeMethodAccessorImpl.java:62)
	at sun.reflect.DelegatingMethodAccessorImpl.invoke(DelegatingMethodAccessorImpl.java:43)
	at java.lang.reflect.Method.invoke(Method.java:498)
	at org.apache.maven.surefire.util.ReflectionUtils.invokeMethodWithArray(ReflectionUtils.java:189)
	at org.apache.maven.surefire.booter.ProviderFactory$ProviderProxy.invoke(ProviderFactory.java:165)
	at org.apache.maven.surefire.booter.ProviderFactory.invokeProvider(ProviderFactory.java:85)
	at org.apache.maven.surefire.booter.ForkedBooter.runSuitesInProcess(ForkedBooter.java:115)
	at org.apache.maven.surefire.booter.ForkedBooter.main(ForkedBooter.java:75)
</system-err>
  </testcase>
  <testcase classname="org.db.UserDBManagerTest" name="test3_isEmailOnDB_false" time="0.156"/>
</testsuite>